[0.010s] Invoking command in '/home/mazenmadbouly/bluerov-bridge/build/bluerov-bridge': CMAKE_PREFIX_PATH=${CMAKE_PREFIX_PATH}:/opt/ros/humble /usr/bin/cmake /home/mazenmadbouly/bluerov-bridge -DAMENT_CMAKE_SYMLINK_INSTALL=1 -DCMAKE_INSTALL_PREFIX=/home/mazenmadbouly/bluerov-bridge/install/bluerov-bridge
[0.022s] -- Found ament_cmake: 1.3.11 (/opt/ros/humble/share/ament_cmake/cmake)
[0.136s] -- Override CMake install command with custom implementation using symlinks instead of copying resources
[0.143s] -- Found rclcpp: 16.0.11 (/opt/ros/humble/share/rclcpp/cmake)
[0.303s] -- Found rosidl_generator_c: 3.1.6 (/opt/ros/humble/share/rosidl_generator_c/cmake)
[0.305s] -- Found rosidl_adapter: 3.1.6 (/opt/ros/humble/share/rosidl_adapter/cmake)
[0.311s] -- Found rosidl_generator_cpp: 3.1.6 (/opt/ros/humble/share/rosidl_generator_cpp/cmake)
[0.320s] -- Using all available rosidl_typesupport_c: rosidl_typesupport_fastrtps_c;rosidl_typesupport_introspection_c
[0.331s] -- Using all available rosidl_typesupport_cpp: rosidl_typesupport_fastrtps_cpp;rosidl_typesupport_introspection_cpp
[0.361s] -- Found rmw_implementation_cmake: 6.1.2 (/opt/ros/humble/share/rmw_implementation_cmake/cmake)
[0.362s] -- Found rmw_fastrtps_cpp: 6.2.7 (/opt/ros/humble/share/rmw_fastrtps_cpp/cmake)
[6.080s] -- Using RMW implementation 'rmw_fastrtps_cpp' as default
[6.126s] -- Found visualization_msgs: 4.2.4 (/opt/ros/humble/share/visualization_msgs/cmake)
[6.173s] -- Found tf2_ros: 0.25.12 (/opt/ros/humble/share/tf2_ros/cmake)
[6.250s] -- Found auv_core_helper: 0.1.0 (/home/mazenmadbouly/auv_core_ros2/auv_core_helper/install/auv_core_helper/share/auv_core_helper/cmake)
[6.268s] -- Found tf2_geometry_msgs: 0.25.12 (/opt/ros/humble/share/tf2_geometry_msgs/cmake)
[6.271s] -- Found eigen3_cmake_module: 0.1.1 (/opt/ros/humble/share/eigen3_cmake_module/cmake)
[6.273s] -- Ensuring Eigen3 include directory is part of orocos-kdl CMake target
[6.275s] -- Found rclcpp_lifecycle: 16.0.11 (/opt/ros/humble/share/rclcpp_lifecycle/cmake)
[6.291s] -- Found nav_msgs: 4.2.4 (/opt/ros/humble/share/nav_msgs/cmake)
[6.360s] -- Found ament_lint_auto: 0.12.11 (/opt/ros/humble/share/ament_lint_auto/cmake)
[6.472s] -- Added test 'copyright' to check source files copyright and LICENSE
[6.494s] -- Added test 'cppcheck' to perform static code analysis on C / C++ code
[6.494s] -- Configured cppcheck include dirs: /home/mazenmadbouly/bluerov-bridge/include
[6.494s] -- Configured cppcheck exclude dirs and/or files: 
[6.515s] -- Added test 'cpplint' to check C / C++ code against the Google style
[6.515s] -- Configured cpplint exclude dirs and/or files: 
[6.519s] -- Added test 'flake8' to check Python code syntax and style conventions
[6.525s] -- Added test 'lint_cmake' to check CMake code style
[6.529s] -- Added test 'pep257' to check Python code against some of the docstring style conventions in PEP 257
[6.552s] -- Added test 'uncrustify' to check C / C++ code style
[6.552s] -- Configured uncrustify additional arguments: 
[6.556s] -- Added test 'xmllint' to check XML markup files
[6.559s] -- Configuring done
[6.719s] -- Generating done
[6.729s] -- Build files have been written to: /home/mazenmadbouly/bluerov-bridge/build/bluerov-bridge
[6.740s] Invoked command in '/home/mazenmadbouly/bluerov-bridge/build/bluerov-bridge' returned '0': CMAKE_PREFIX_PATH=${CMAKE_PREFIX_PATH}:/opt/ros/humble /usr/bin/cmake /home/mazenmadbouly/bluerov-bridge -DAMENT_CMAKE_SYMLINK_INSTALL=1 -DCMAKE_INSTALL_PREFIX=/home/mazenmadbouly/bluerov-bridge/install/bluerov-bridge
[6.743s] Invoking command in '/home/mazenmadbouly/bluerov-bridge/build/bluerov-bridge': CMAKE_PREFIX_PATH=${CMAKE_PREFIX_PATH}:/opt/ros/humble /usr/bin/cmake --build /home/mazenmadbouly/bluerov-bridge/build/bluerov-bridge -- -j12 -l12
[6.795s] [ 66%] [32mBuilding CXX object CMakeFiles/bluerov_bridge_node.dir/src/bluerov_bridge_node.cpp.o[0m
[6.795s] [ 66%] [32mBuilding CXX object CMakeFiles/bluerov_bridge_node.dir/src/bluerov-bridge/bluerov_bridge.cpp.o[0m
[8.080s] In file included from [01m[K/home/mazenmadbouly/bluerov-bridge/src/bluerov_bridge_node.cpp:4[m[K:
[8.080s] [01m[K/home/mazenmadbouly/bluerov-bridge/include/bluerov-bridge/bluerov_bridge.hpp:15:14:[m[K [01;31m[Kfatal error: [m[Kmavlink/v2.0/common/mavlink.h: No such file or directory
[8.080s]    15 |     #include [01;31m[K<mavlink/v2.0/common/mavlink.h>[m[K
[8.080s]       |              [01;31m[K^~~~~~~~~~~~~~~~~~~~~~~~~~~~~~~[m[K
[8.080s] compilation terminated.
[8.090s] In file included from [01m[K/home/mazenmadbouly/bluerov-bridge/src/bluerov-bridge/bluerov_bridge.cpp:1[m[K:
[8.091s] [01m[K/home/mazenmadbouly/bluerov-bridge/include/bluerov-bridge/bluerov_bridge.hpp:15:14:[m[K [01;31m[Kfatal error: [m[Kmavlink/v2.0/common/mavlink.h: No such file or directory
[8.091s]    15 |     #include [01;31m[K<mavlink/v2.0/common/mavlink.h>[m[K
[8.091s]       |              [01;31m[K^~~~~~~~~~~~~~~~~~~~~~~~~~~~~~~[m[K
[8.091s] compilation terminated.
[8.091s] gmake[2]: *** [CMakeFiles/bluerov_bridge_node.dir/build.make:76: CMakeFiles/bluerov_bridge_node.dir/src/bluerov_bridge_node.cpp.o] Error 1
[8.091s] gmake[2]: *** Waiting for unfinished jobs....
[8.091s] gmake[2]: *** [CMakeFiles/bluerov_bridge_node.dir/build.make:90: CMakeFiles/bluerov_bridge_node.dir/src/bluerov-bridge/bluerov_bridge.cpp.o] Error 1
[8.091s] gmake[1]: *** [CMakeFiles/Makefile2:164: CMakeFiles/bluerov_bridge_node.dir/all] Error 2
[8.092s] gmake: *** [Makefile:146: all] Error 2
[8.094s] Invoked command in '/home/mazenmadbouly/bluerov-bridge/build/bluerov-bridge' returned '2': CMAKE_PREFIX_PATH=${CMAKE_PREFIX_PATH}:/opt/ros/humble /usr/bin/cmake --build /home/mazenmadbouly/bluerov-bridge/build/bluerov-bridge -- -j12 -l12
