[0.299s] DEBUG:colcon:Command line arguments: ['/usr/bin/colcon', 'build', '--symlink-install']
[0.300s] DEBUG:colcon:Parsed command line arguments: Namespace(log_base=None, log_level=None, verb_name='build', build_base='build', install_base='install', merge_install=False, symlink_install=True, test_result_base=None, continue_on_error=False, executor='parallel', parallel_workers=12, event_handlers=None, ignore_user_meta=False, metas=['./colcon.meta'], base_paths=['.'], packages_ignore=None, packages_ignore_regex=None, paths=None, packages_up_to=None, packages_up_to_regex=None, packages_above=None, packages_above_and_dependencies=None, packages_above_depth=None, packages_select_by_dep=None, packages_skip_by_dep=None, packages_skip_up_to=None, packages_select_build_failed=False, packages_skip_build_finished=False, packages_select_test_failures=False, packages_skip_test_passed=False, packages_select=None, packages_skip=None, packages_select_regex=None, packages_skip_regex=None, packages_start=None, packages_end=None, allow_overriding=[], cmake_args=None, cmake_target=None, cmake_target_skip_unavailable=False, cmake_clean_cache=False, cmake_clean_first=False, cmake_force_configure=False, ament_cmake_args=None, catkin_cmake_args=None, catkin_skip_building_tests=False, verb_parser=<colcon_defaults.argument_parser.defaults.DefaultArgumentsDecorator object at 0x7f40abaac0a0>, verb_extension=<colcon_core.verb.build.BuildVerb object at 0x7f40aba7ba90>, main=<bound method BuildVerb.main of <colcon_core.verb.build.BuildVerb object at 0x7f40aba7ba90>>)
[0.353s] Level 1:colcon.colcon_core.package_discovery:discover_packages(colcon_meta) check parameters
[0.353s] Level 1:colcon.colcon_core.package_discovery:discover_packages(recursive) check parameters
[0.353s] Level 1:colcon.colcon_core.package_discovery:discover_packages(ignore) check parameters
[0.354s] Level 1:colcon.colcon_core.package_discovery:discover_packages(path) check parameters
[0.354s] Level 1:colcon.colcon_core.package_discovery:discover_packages(colcon_meta) discover
[0.354s] Level 1:colcon.colcon_core.package_discovery:discover_packages(recursive) discover
[0.354s] INFO:colcon.colcon_core.package_discovery:Crawling recursively for packages in '/home/mazenmadbouly/bluerov-bridge'
[0.355s] Level 1:colcon.colcon_core.package_identification:_identify(.) by extensions ['ignore', 'ignore_ament_install']
[0.356s] Level 1:colcon.colcon_core.package_identification:_identify(.) by extension 'ignore'
[0.356s] Level 1:colcon.colcon_core.package_identification:_identify(.) by extension 'ignore_ament_install'
[0.356s] Level 1:colcon.colcon_core.package_identification:_identify(.) by extensions ['colcon_pkg']
[0.356s] Level 1:colcon.colcon_core.package_identification:_identify(.) by extension 'colcon_pkg'
[0.357s] Level 1:colcon.colcon_core.package_identification:_identify(.) by extensions ['colcon_meta']
[0.357s] Level 1:colcon.colcon_core.package_identification:_identify(.) by extension 'colcon_meta'
[0.357s] Level 1:colcon.colcon_core.package_identification:_identify(.) by extensions ['ros']
[0.357s] Level 1:colcon.colcon_core.package_identification:_identify(.) by extension 'ros'
[0.388s] DEBUG:colcon.colcon_core.package_identification:Package '.' with type 'ros.ament_cmake' and name 'bluerov-bridge'
[0.388s] Level 1:colcon.colcon_core.package_discovery:discover_packages(recursive) using defaults
[0.388s] Level 1:colcon.colcon_core.package_discovery:discover_packages(ignore) discover
[0.388s] Level 1:colcon.colcon_core.package_discovery:discover_packages(ignore) using defaults
[0.388s] Level 1:colcon.colcon_core.package_discovery:discover_packages(path) discover
[0.388s] Level 1:colcon.colcon_core.package_discovery:discover_packages(path) using defaults
[0.415s] Level 1:colcon.colcon_core.package_discovery:discover_packages(prefix_path) check parameters
[0.415s] Level 1:colcon.colcon_core.package_discovery:discover_packages(prefix_path) discover
[0.417s] DEBUG:colcon.colcon_installed_package_information.package_discovery:Found 1 installed packages in /home/mazenmadbouly/auv_core_helper/install
[0.417s] DEBUG:colcon.colcon_installed_package_information.package_discovery:Found 1 installed packages in /home/mazenmadbouly/bluerov-bridge/install
[0.419s] DEBUG:colcon.colcon_installed_package_information.package_discovery:Found 295 installed packages in /opt/ros/humble
[0.420s] Level 1:colcon.colcon_core.package_discovery:discover_packages(prefix_path) using defaults
[0.468s] Level 5:colcon.colcon_core.verb:set package 'bluerov-bridge' build argument 'cmake_args' from command line to 'None'
[0.468s] Level 5:colcon.colcon_core.verb:set package 'bluerov-bridge' build argument 'cmake_target' from command line to 'None'
[0.468s] Level 5:colcon.colcon_core.verb:set package 'bluerov-bridge' build argument 'cmake_target_skip_unavailable' from command line to 'False'
[0.468s] Level 5:colcon.colcon_core.verb:set package 'bluerov-bridge' build argument 'cmake_clean_cache' from command line to 'False'
[0.468s] Level 5:colcon.colcon_core.verb:set package 'bluerov-bridge' build argument 'cmake_clean_first' from command line to 'False'
[0.468s] Level 5:colcon.colcon_core.verb:set package 'bluerov-bridge' build argument 'cmake_force_configure' from command line to 'False'
[0.468s] Level 5:colcon.colcon_core.verb:set package 'bluerov-bridge' build argument 'ament_cmake_args' from command line to 'None'
[0.468s] Level 5:colcon.colcon_core.verb:set package 'bluerov-bridge' build argument 'catkin_cmake_args' from command line to 'None'
[0.468s] Level 5:colcon.colcon_core.verb:set package 'bluerov-bridge' build argument 'catkin_skip_building_tests' from command line to 'False'
[0.468s] DEBUG:colcon.colcon_core.verb:Building package 'bluerov-bridge' with the following arguments: {'ament_cmake_args': None, 'build_base': '/home/mazenmadbouly/bluerov-bridge/build/bluerov-bridge', 'catkin_cmake_args': None, 'catkin_skip_building_tests': False, 'cmake_args': None, 'cmake_clean_cache': False, 'cmake_clean_first': False, 'cmake_force_configure': False, 'cmake_target': None, 'cmake_target_skip_unavailable': False, 'install_base': '/home/mazenmadbouly/bluerov-bridge/install/bluerov-bridge', 'merge_install': False, 'path': '/home/mazenmadbouly/bluerov-bridge', 'symlink_install': True, 'test_result_base': None}
[0.468s] INFO:colcon.colcon_core.executor:Executing jobs using 'parallel' executor
[0.470s] DEBUG:colcon.colcon_parallel_executor.executor.parallel:run_until_complete
[0.470s] INFO:colcon.colcon_ros.task.ament_cmake.build:Building ROS package in '/home/mazenmadbouly/bluerov-bridge' with build type 'ament_cmake'
[0.470s] INFO:colcon.colcon_cmake.task.cmake.build:Building CMake package in '/home/mazenmadbouly/bluerov-bridge'
[0.474s] INFO:colcon.colcon_core.plugin_system:Skipping extension 'colcon_core.shell.bat': Not used on non-Windows systems
[0.475s] INFO:colcon.colcon_core.shell:Skip shell extension 'powershell' for command environment: Not usable outside of PowerShell
[0.475s] DEBUG:colcon.colcon_core.shell:Skip shell extension 'dsv' for command environment
[0.495s] DEBUG:colcon.colcon_core.event_handler.log_command:Invoking command in '/home/mazenmadbouly/bluerov-bridge/build/bluerov-bridge': CMAKE_PREFIX_PATH=${CMAKE_PREFIX_PATH}:/opt/ros/humble /usr/bin/cmake --build /home/mazenmadbouly/bluerov-bridge/build/bluerov-bridge -- -j12 -l12
[0.593s] DEBUG:colcon.colcon_core.event_handler.log_command:Invoked command in '/home/mazenmadbouly/bluerov-bridge/build/bluerov-bridge' returned '0': CMAKE_PREFIX_PATH=${CMAKE_PREFIX_PATH}:/opt/ros/humble /usr/bin/cmake --build /home/mazenmadbouly/bluerov-bridge/build/bluerov-bridge -- -j12 -l12
[0.612s] DEBUG:colcon.colcon_core.event_handler.log_command:Invoking command in '/home/mazenmadbouly/bluerov-bridge/build/bluerov-bridge': CMAKE_PREFIX_PATH=${CMAKE_PREFIX_PATH}:/opt/ros/humble /usr/bin/cmake --install /home/mazenmadbouly/bluerov-bridge/build/bluerov-bridge
[0.646s] Level 1:colcon.colcon_core.environment:create_environment_scripts_only(bluerov-bridge)
[0.647s] DEBUG:colcon.colcon_core.event_handler.log_command:Invoked command in '/home/mazenmadbouly/bluerov-bridge/build/bluerov-bridge' returned '0': CMAKE_PREFIX_PATH=${CMAKE_PREFIX_PATH}:/opt/ros/humble /usr/bin/cmake --install /home/mazenmadbouly/bluerov-bridge/build/bluerov-bridge
[0.650s] Level 1:colcon.colcon_core.environment:checking '/home/mazenmadbouly/bluerov-bridge/install/bluerov-bridge' for CMake module files
[0.651s] Level 1:colcon.colcon_core.environment:checking '/home/mazenmadbouly/bluerov-bridge/install/bluerov-bridge' for CMake config files
[0.651s] Level 1:colcon.colcon_core.shell:create_environment_hook('bluerov-bridge', 'cmake_prefix_path')
[0.652s] INFO:colcon.colcon_core.shell:Creating environment hook '/home/mazenmadbouly/bluerov-bridge/install/bluerov-bridge/share/bluerov-bridge/hook/cmake_prefix_path.ps1'
[0.652s] INFO:colcon.colcon_core.shell:Creating environment descriptor '/home/mazenmadbouly/bluerov-bridge/install/bluerov-bridge/share/bluerov-bridge/hook/cmake_prefix_path.dsv'
[0.653s] INFO:colcon.colcon_core.shell:Creating environment hook '/home/mazenmadbouly/bluerov-bridge/install/bluerov-bridge/share/bluerov-bridge/hook/cmake_prefix_path.sh'
[0.654s] Level 1:colcon.colcon_core.environment:checking '/home/mazenmadbouly/bluerov-bridge/install/bluerov-bridge/lib'
[0.655s] Level 1:colcon.colcon_core.environment:checking '/home/mazenmadbouly/bluerov-bridge/install/bluerov-bridge/bin'
[0.655s] Level 1:colcon.colcon_core.environment:checking '/home/mazenmadbouly/bluerov-bridge/install/bluerov-bridge/lib/pkgconfig/bluerov-bridge.pc'
[0.655s] Level 1:colcon.colcon_core.environment:checking '/home/mazenmadbouly/bluerov-bridge/install/bluerov-bridge/lib/python3.10/site-packages'
[0.656s] Level 1:colcon.colcon_core.environment:checking '/home/mazenmadbouly/bluerov-bridge/install/bluerov-bridge/bin'
[0.656s] INFO:colcon.colcon_core.shell:Creating package script '/home/mazenmadbouly/bluerov-bridge/install/bluerov-bridge/share/bluerov-bridge/package.ps1'
[0.657s] INFO:colcon.colcon_core.shell:Creating package descriptor '/home/mazenmadbouly/bluerov-bridge/install/bluerov-bridge/share/bluerov-bridge/package.dsv'
[0.658s] INFO:colcon.colcon_core.shell:Creating package script '/home/mazenmadbouly/bluerov-bridge/install/bluerov-bridge/share/bluerov-bridge/package.sh'
[0.660s] INFO:colcon.colcon_core.shell:Creating package script '/home/mazenmadbouly/bluerov-bridge/install/bluerov-bridge/share/bluerov-bridge/package.bash'
[0.661s] INFO:colcon.colcon_core.shell:Creating package script '/home/mazenmadbouly/bluerov-bridge/install/bluerov-bridge/share/bluerov-bridge/package.zsh'
[0.662s] Level 1:colcon.colcon_core.environment:create_file_with_runtime_dependencies(/home/mazenmadbouly/bluerov-bridge/install/bluerov-bridge/share/colcon-core/packages/bluerov-bridge)
[0.663s] Level 1:colcon.colcon_core.environment:create_environment_scripts_only(bluerov-bridge)
[0.663s] Level 1:colcon.colcon_core.environment:checking '/home/mazenmadbouly/bluerov-bridge/install/bluerov-bridge' for CMake module files
[0.664s] Level 1:colcon.colcon_core.environment:checking '/home/mazenmadbouly/bluerov-bridge/install/bluerov-bridge' for CMake config files
[0.664s] Level 1:colcon.colcon_core.shell:create_environment_hook('bluerov-bridge', 'cmake_prefix_path')
[0.665s] INFO:colcon.colcon_core.shell:Creating environment hook '/home/mazenmadbouly/bluerov-bridge/install/bluerov-bridge/share/bluerov-bridge/hook/cmake_prefix_path.ps1'
[0.665s] INFO:colcon.colcon_core.shell:Creating environment descriptor '/home/mazenmadbouly/bluerov-bridge/install/bluerov-bridge/share/bluerov-bridge/hook/cmake_prefix_path.dsv'
[0.666s] INFO:colcon.colcon_core.shell:Creating environment hook '/home/mazenmadbouly/bluerov-bridge/install/bluerov-bridge/share/bluerov-bridge/hook/cmake_prefix_path.sh'
[0.666s] Level 1:colcon.colcon_core.environment:checking '/home/mazenmadbouly/bluerov-bridge/install/bluerov-bridge/lib'
[0.667s] Level 1:colcon.colcon_core.environment:checking '/home/mazenmadbouly/bluerov-bridge/install/bluerov-bridge/bin'
[0.667s] Level 1:colcon.colcon_core.environment:checking '/home/mazenmadbouly/bluerov-bridge/install/bluerov-bridge/lib/pkgconfig/bluerov-bridge.pc'
[0.667s] Level 1:colcon.colcon_core.environment:checking '/home/mazenmadbouly/bluerov-bridge/install/bluerov-bridge/lib/python3.10/site-packages'
[0.668s] Level 1:colcon.colcon_core.environment:checking '/home/mazenmadbouly/bluerov-bridge/install/bluerov-bridge/bin'
[0.668s] INFO:colcon.colcon_core.shell:Creating package script '/home/mazenmadbouly/bluerov-bridge/install/bluerov-bridge/share/bluerov-bridge/package.ps1'
[0.669s] INFO:colcon.colcon_core.shell:Creating package descriptor '/home/mazenmadbouly/bluerov-bridge/install/bluerov-bridge/share/bluerov-bridge/package.dsv'
[0.669s] INFO:colcon.colcon_core.shell:Creating package script '/home/mazenmadbouly/bluerov-bridge/install/bluerov-bridge/share/bluerov-bridge/package.sh'
[0.670s] INFO:colcon.colcon_core.shell:Creating package script '/home/mazenmadbouly/bluerov-bridge/install/bluerov-bridge/share/bluerov-bridge/package.bash'
[0.671s] INFO:colcon.colcon_core.shell:Creating package script '/home/mazenmadbouly/bluerov-bridge/install/bluerov-bridge/share/bluerov-bridge/package.zsh'
[0.672s] Level 1:colcon.colcon_core.environment:create_file_with_runtime_dependencies(/home/mazenmadbouly/bluerov-bridge/install/bluerov-bridge/share/colcon-core/packages/bluerov-bridge)
[0.672s] DEBUG:colcon.colcon_parallel_executor.executor.parallel:closing loop
[0.674s] DEBUG:colcon.colcon_parallel_executor.executor.parallel:loop closed
[0.674s] DEBUG:colcon.colcon_parallel_executor.executor.parallel:run_until_complete finished with '0'
[0.675s] DEBUG:colcon.colcon_core.event_reactor:joining thread
[0.770s] INFO:colcon.colcon_core.plugin_system:Skipping extension 'colcon_notification.desktop_notification.notify_send': Could not find 'notify-send'
[0.771s] INFO:colcon.colcon_core.plugin_system:Skipping extension 'colcon_notification.desktop_notification.terminal_notifier': Not used on non-Darwin systems
[0.771s] INFO:colcon.colcon_core.plugin_system:Skipping extension 'colcon_notification.desktop_notification.win32': Not used on non-Windows systems
[0.771s] INFO:colcon.colcon_notification.desktop_notification:Sending desktop notification using 'notify2'
[0.772s] DEBUG:colcon.colcon_notification.desktop_notification.notify2:Failed to initialize notify2: org.freedesktop.DBus.Error.ServiceUnknown: The name org.freedesktop.Notifications was not provided by any .service files
[0.773s] DEBUG:colcon.colcon_core.event_reactor:joined thread
[0.773s] INFO:colcon.colcon_core.shell:Creating prefix script '/home/mazenmadbouly/bluerov-bridge/install/local_setup.ps1'
[0.775s] INFO:colcon.colcon_core.shell:Creating prefix util module '/home/mazenmadbouly/bluerov-bridge/install/_local_setup_util_ps1.py'
[0.777s] INFO:colcon.colcon_core.shell:Creating prefix chain script '/home/mazenmadbouly/bluerov-bridge/install/setup.ps1'
[0.779s] INFO:colcon.colcon_core.shell:Creating prefix script '/home/mazenmadbouly/bluerov-bridge/install/local_setup.sh'
[0.781s] INFO:colcon.colcon_core.shell:Creating prefix util module '/home/mazenmadbouly/bluerov-bridge/install/_local_setup_util_sh.py'
[0.782s] INFO:colcon.colcon_core.shell:Creating prefix chain script '/home/mazenmadbouly/bluerov-bridge/install/setup.sh'
[0.784s] INFO:colcon.colcon_core.shell:Creating prefix script '/home/mazenmadbouly/bluerov-bridge/install/local_setup.bash'
[0.785s] INFO:colcon.colcon_core.shell:Creating prefix chain script '/home/mazenmadbouly/bluerov-bridge/install/setup.bash'
[0.787s] INFO:colcon.colcon_core.shell:Creating prefix script '/home/mazenmadbouly/bluerov-bridge/install/local_setup.zsh'
[0.788s] INFO:colcon.colcon_core.shell:Creating prefix chain script '/home/mazenmadbouly/bluerov-bridge/install/setup.zsh'
