[0.685s] DEBUG:colcon:Command line arguments: ['/usr/bin/colcon', 'build', '--symlink-install']
[0.685s] DEBUG:colcon:Parsed command line arguments: Namespace(log_base=None, log_level=None, verb_name='build', build_base='build', install_base='install', merge_install=False, symlink_install=True, test_result_base=None, continue_on_error=False, executor='parallel', parallel_workers=12, event_handlers=None, ignore_user_meta=False, metas=['./colcon.meta'], base_paths=['.'], packages_ignore=None, packages_ignore_regex=None, paths=None, packages_up_to=None, packages_up_to_regex=None, packages_above=None, packages_above_and_dependencies=None, packages_above_depth=None, packages_select_by_dep=None, packages_skip_by_dep=None, packages_skip_up_to=None, packages_select_build_failed=False, packages_skip_build_finished=False, packages_select_test_failures=False, packages_skip_test_passed=False, packages_select=None, packages_skip=None, packages_select_regex=None, packages_skip_regex=None, packages_start=None, packages_end=None, allow_overriding=[], cmake_args=None, cmake_target=None, cmake_target_skip_unavailable=False, cmake_clean_cache=False, cmake_clean_first=False, cmake_force_configure=False, ament_cmake_args=None, catkin_cmake_args=None, catkin_skip_building_tests=False, verb_parser=<colcon_defaults.argument_parser.defaults.DefaultArgumentsDecorator object at 0x7fa71eff4820>, verb_extension=<colcon_core.verb.build.BuildVerb object at 0x7fa71eff43a0>, main=<bound method BuildVerb.main of <colcon_core.verb.build.BuildVerb object at 0x7fa71eff43a0>>)
[0.815s] Level 1:colcon.colcon_core.package_discovery:discover_packages(colcon_meta) check parameters
[0.816s] Level 1:colcon.colcon_core.package_discovery:discover_packages(recursive) check parameters
[0.816s] Level 1:colcon.colcon_core.package_discovery:discover_packages(ignore) check parameters
[0.816s] Level 1:colcon.colcon_core.package_discovery:discover_packages(path) check parameters
[0.816s] Level 1:colcon.colcon_core.package_discovery:discover_packages(colcon_meta) discover
[0.816s] Level 1:colcon.colcon_core.package_discovery:discover_packages(recursive) discover
[0.816s] INFO:colcon.colcon_core.package_discovery:Crawling recursively for packages in '/home/mazenmadbouly/bluerov-bridge'
[0.817s] Level 1:colcon.colcon_core.package_identification:_identify(.) by extensions ['ignore', 'ignore_ament_install']
[0.817s] Level 1:colcon.colcon_core.package_identification:_identify(.) by extension 'ignore'
[0.818s] Level 1:colcon.colcon_core.package_identification:_identify(.) by extension 'ignore_ament_install'
[0.818s] Level 1:colcon.colcon_core.package_identification:_identify(.) by extensions ['colcon_pkg']
[0.818s] Level 1:colcon.colcon_core.package_identification:_identify(.) by extension 'colcon_pkg'
[0.818s] Level 1:colcon.colcon_core.package_identification:_identify(.) by extensions ['colcon_meta']
[0.818s] Level 1:colcon.colcon_core.package_identification:_identify(.) by extension 'colcon_meta'
[0.819s] Level 1:colcon.colcon_core.package_identification:_identify(.) by extensions ['ros']
[0.819s] Level 1:colcon.colcon_core.package_identification:_identify(.) by extension 'ros'
[0.875s] DEBUG:colcon.colcon_core.package_identification:Package '.' with type 'ros.ament_cmake' and name 'bluerov-bridge'
[0.876s] Level 1:colcon.colcon_core.package_discovery:discover_packages(recursive) using defaults
[0.876s] Level 1:colcon.colcon_core.package_discovery:discover_packages(ignore) discover
[0.876s] Level 1:colcon.colcon_core.package_discovery:discover_packages(ignore) using defaults
[0.876s] Level 1:colcon.colcon_core.package_discovery:discover_packages(path) discover
[0.876s] Level 1:colcon.colcon_core.package_discovery:discover_packages(path) using defaults
[0.955s] Level 1:colcon.colcon_core.package_discovery:discover_packages(prefix_path) check parameters
[0.956s] Level 1:colcon.colcon_core.package_discovery:discover_packages(prefix_path) discover
[0.967s] DEBUG:colcon.colcon_installed_package_information.package_discovery:Found 1 installed packages in /home/mazenmadbouly/auv_core_helper/install
[0.968s] DEBUG:colcon.colcon_installed_package_information.package_discovery:Found 1 installed packages in /home/mazenmadbouly/bluerov-bridge/install
[0.971s] DEBUG:colcon.colcon_installed_package_information.package_discovery:Found 295 installed packages in /opt/ros/humble
[0.977s] Level 1:colcon.colcon_core.package_discovery:discover_packages(prefix_path) using defaults
[1.111s] Level 5:colcon.colcon_core.verb:set package 'bluerov-bridge' build argument 'cmake_args' from command line to 'None'
[1.111s] Level 5:colcon.colcon_core.verb:set package 'bluerov-bridge' build argument 'cmake_target' from command line to 'None'
[1.111s] Level 5:colcon.colcon_core.verb:set package 'bluerov-bridge' build argument 'cmake_target_skip_unavailable' from command line to 'False'
[1.111s] Level 5:colcon.colcon_core.verb:set package 'bluerov-bridge' build argument 'cmake_clean_cache' from command line to 'False'
[1.111s] Level 5:colcon.colcon_core.verb:set package 'bluerov-bridge' build argument 'cmake_clean_first' from command line to 'False'
[1.111s] Level 5:colcon.colcon_core.verb:set package 'bluerov-bridge' build argument 'cmake_force_configure' from command line to 'False'
[1.111s] Level 5:colcon.colcon_core.verb:set package 'bluerov-bridge' build argument 'ament_cmake_args' from command line to 'None'
[1.112s] Level 5:colcon.colcon_core.verb:set package 'bluerov-bridge' build argument 'catkin_cmake_args' from command line to 'None'
[1.112s] Level 5:colcon.colcon_core.verb:set package 'bluerov-bridge' build argument 'catkin_skip_building_tests' from command line to 'False'
[1.112s] DEBUG:colcon.colcon_core.verb:Building package 'bluerov-bridge' with the following arguments: {'ament_cmake_args': None, 'build_base': '/home/mazenmadbouly/bluerov-bridge/build/bluerov-bridge', 'catkin_cmake_args': None, 'catkin_skip_building_tests': False, 'cmake_args': None, 'cmake_clean_cache': False, 'cmake_clean_first': False, 'cmake_force_configure': False, 'cmake_target': None, 'cmake_target_skip_unavailable': False, 'install_base': '/home/mazenmadbouly/bluerov-bridge/install/bluerov-bridge', 'merge_install': False, 'path': '/home/mazenmadbouly/bluerov-bridge', 'symlink_install': True, 'test_result_base': None}
[1.112s] INFO:colcon.colcon_core.executor:Executing jobs using 'parallel' executor
[1.115s] DEBUG:colcon.colcon_parallel_executor.executor.parallel:run_until_complete
[1.116s] INFO:colcon.colcon_ros.task.ament_cmake.build:Building ROS package in '/home/mazenmadbouly/bluerov-bridge' with build type 'ament_cmake'
[1.116s] INFO:colcon.colcon_cmake.task.cmake.build:Building CMake package in '/home/mazenmadbouly/bluerov-bridge'
[1.129s] INFO:colcon.colcon_core.plugin_system:Skipping extension 'colcon_core.shell.bat': Not used on non-Windows systems
[1.130s] INFO:colcon.colcon_core.shell:Skip shell extension 'powershell' for command environment: Not usable outside of PowerShell
[1.130s] DEBUG:colcon.colcon_core.shell:Skip shell extension 'dsv' for command environment
[1.155s] DEBUG:colcon.colcon_core.event_handler.log_command:Invoking command in '/home/mazenmadbouly/bluerov-bridge/build/bluerov-bridge': CMAKE_PREFIX_PATH=${CMAKE_PREFIX_PATH}:/opt/ros/humble /usr/bin/cmake --build /home/mazenmadbouly/bluerov-bridge/build/bluerov-bridge -- -j12 -l12
[63.241s] DEBUG:colcon.colcon_core.event_handler.log_command:Invoked command in '/home/mazenmadbouly/bluerov-bridge/build/bluerov-bridge' returned '0': CMAKE_PREFIX_PATH=${CMAKE_PREFIX_PATH}:/opt/ros/humble /usr/bin/cmake --build /home/mazenmadbouly/bluerov-bridge/build/bluerov-bridge -- -j12 -l12
[63.273s] DEBUG:colcon.colcon_core.event_handler.log_command:Invoking command in '/home/mazenmadbouly/bluerov-bridge/build/bluerov-bridge': CMAKE_PREFIX_PATH=${CMAKE_PREFIX_PATH}:/opt/ros/humble /usr/bin/cmake --install /home/mazenmadbouly/bluerov-bridge/build/bluerov-bridge
[63.333s] Level 1:colcon.colcon_core.environment:create_environment_scripts_only(bluerov-bridge)
[63.334s] DEBUG:colcon.colcon_core.event_handler.log_command:Invoked command in '/home/mazenmadbouly/bluerov-bridge/build/bluerov-bridge' returned '0': CMAKE_PREFIX_PATH=${CMAKE_PREFIX_PATH}:/opt/ros/humble /usr/bin/cmake --install /home/mazenmadbouly/bluerov-bridge/build/bluerov-bridge
[63.350s] Level 1:colcon.colcon_core.environment:checking '/home/mazenmadbouly/bluerov-bridge/install/bluerov-bridge' for CMake module files
[63.352s] Level 1:colcon.colcon_core.environment:checking '/home/mazenmadbouly/bluerov-bridge/install/bluerov-bridge' for CMake config files
[63.353s] Level 1:colcon.colcon_core.shell:create_environment_hook('bluerov-bridge', 'cmake_prefix_path')
[63.353s] INFO:colcon.colcon_core.shell:Creating environment hook '/home/mazenmadbouly/bluerov-bridge/install/bluerov-bridge/share/bluerov-bridge/hook/cmake_prefix_path.ps1'
[63.357s] INFO:colcon.colcon_core.shell:Creating environment descriptor '/home/mazenmadbouly/bluerov-bridge/install/bluerov-bridge/share/bluerov-bridge/hook/cmake_prefix_path.dsv'
[63.358s] INFO:colcon.colcon_core.shell:Creating environment hook '/home/mazenmadbouly/bluerov-bridge/install/bluerov-bridge/share/bluerov-bridge/hook/cmake_prefix_path.sh'
[63.361s] Level 1:colcon.colcon_core.environment:checking '/home/mazenmadbouly/bluerov-bridge/install/bluerov-bridge/lib'
[63.362s] Level 1:colcon.colcon_core.environment:checking '/home/mazenmadbouly/bluerov-bridge/install/bluerov-bridge/bin'
[63.363s] Level 1:colcon.colcon_core.environment:checking '/home/mazenmadbouly/bluerov-bridge/install/bluerov-bridge/lib/pkgconfig/bluerov-bridge.pc'
[63.364s] Level 1:colcon.colcon_core.environment:checking '/home/mazenmadbouly/bluerov-bridge/install/bluerov-bridge/lib/python3.10/site-packages'
[63.364s] Level 1:colcon.colcon_core.environment:checking '/home/mazenmadbouly/bluerov-bridge/install/bluerov-bridge/bin'
[63.365s] INFO:colcon.colcon_core.shell:Creating package script '/home/mazenmadbouly/bluerov-bridge/install/bluerov-bridge/share/bluerov-bridge/package.ps1'
[63.367s] INFO:colcon.colcon_core.shell:Creating package descriptor '/home/mazenmadbouly/bluerov-bridge/install/bluerov-bridge/share/bluerov-bridge/package.dsv'
[63.369s] INFO:colcon.colcon_core.shell:Creating package script '/home/mazenmadbouly/bluerov-bridge/install/bluerov-bridge/share/bluerov-bridge/package.sh'
[63.371s] INFO:colcon.colcon_core.shell:Creating package script '/home/mazenmadbouly/bluerov-bridge/install/bluerov-bridge/share/bluerov-bridge/package.bash'
[63.374s] INFO:colcon.colcon_core.shell:Creating package script '/home/mazenmadbouly/bluerov-bridge/install/bluerov-bridge/share/bluerov-bridge/package.zsh'
[63.380s] Level 1:colcon.colcon_core.environment:create_file_with_runtime_dependencies(/home/mazenmadbouly/bluerov-bridge/install/bluerov-bridge/share/colcon-core/packages/bluerov-bridge)
[63.382s] Level 1:colcon.colcon_core.environment:create_environment_scripts_only(bluerov-bridge)
[63.383s] Level 1:colcon.colcon_core.environment:checking '/home/mazenmadbouly/bluerov-bridge/install/bluerov-bridge' for CMake module files
[63.385s] Level 1:colcon.colcon_core.environment:checking '/home/mazenmadbouly/bluerov-bridge/install/bluerov-bridge' for CMake config files
[63.386s] Level 1:colcon.colcon_core.shell:create_environment_hook('bluerov-bridge', 'cmake_prefix_path')
[63.387s] INFO:colcon.colcon_core.shell:Creating environment hook '/home/mazenmadbouly/bluerov-bridge/install/bluerov-bridge/share/bluerov-bridge/hook/cmake_prefix_path.ps1'
[63.388s] INFO:colcon.colcon_core.shell:Creating environment descriptor '/home/mazenmadbouly/bluerov-bridge/install/bluerov-bridge/share/bluerov-bridge/hook/cmake_prefix_path.dsv'
[63.390s] INFO:colcon.colcon_core.shell:Creating environment hook '/home/mazenmadbouly/bluerov-bridge/install/bluerov-bridge/share/bluerov-bridge/hook/cmake_prefix_path.sh'
[63.392s] Level 1:colcon.colcon_core.environment:checking '/home/mazenmadbouly/bluerov-bridge/install/bluerov-bridge/lib'
[63.392s] Level 1:colcon.colcon_core.environment:checking '/home/mazenmadbouly/bluerov-bridge/install/bluerov-bridge/bin'
[63.393s] Level 1:colcon.colcon_core.environment:checking '/home/mazenmadbouly/bluerov-bridge/install/bluerov-bridge/lib/pkgconfig/bluerov-bridge.pc'
[63.393s] Level 1:colcon.colcon_core.environment:checking '/home/mazenmadbouly/bluerov-bridge/install/bluerov-bridge/lib/python3.10/site-packages'
[63.394s] Level 1:colcon.colcon_core.environment:checking '/home/mazenmadbouly/bluerov-bridge/install/bluerov-bridge/bin'
[63.395s] INFO:colcon.colcon_core.shell:Creating package script '/home/mazenmadbouly/bluerov-bridge/install/bluerov-bridge/share/bluerov-bridge/package.ps1'
[63.396s] INFO:colcon.colcon_core.shell:Creating package descriptor '/home/mazenmadbouly/bluerov-bridge/install/bluerov-bridge/share/bluerov-bridge/package.dsv'
[63.398s] INFO:colcon.colcon_core.shell:Creating package script '/home/mazenmadbouly/bluerov-bridge/install/bluerov-bridge/share/bluerov-bridge/package.sh'
[63.399s] INFO:colcon.colcon_core.shell:Creating package script '/home/mazenmadbouly/bluerov-bridge/install/bluerov-bridge/share/bluerov-bridge/package.bash'
[63.403s] INFO:colcon.colcon_core.shell:Creating package script '/home/mazenmadbouly/bluerov-bridge/install/bluerov-bridge/share/bluerov-bridge/package.zsh'
[63.405s] Level 1:colcon.colcon_core.environment:create_file_with_runtime_dependencies(/home/mazenmadbouly/bluerov-bridge/install/bluerov-bridge/share/colcon-core/packages/bluerov-bridge)
[63.406s] DEBUG:colcon.colcon_parallel_executor.executor.parallel:closing loop
[63.407s] DEBUG:colcon.colcon_parallel_executor.executor.parallel:loop closed
[63.408s] DEBUG:colcon.colcon_parallel_executor.executor.parallel:run_until_complete finished with '0'
[63.409s] DEBUG:colcon.colcon_core.event_reactor:joining thread
[63.558s] INFO:colcon.colcon_core.plugin_system:Skipping extension 'colcon_notification.desktop_notification.notify_send': Could not find 'notify-send'
[63.559s] INFO:colcon.colcon_core.plugin_system:Skipping extension 'colcon_notification.desktop_notification.terminal_notifier': Not used on non-Darwin systems
[63.559s] INFO:colcon.colcon_core.plugin_system:Skipping extension 'colcon_notification.desktop_notification.win32': Not used on non-Windows systems
[63.559s] INFO:colcon.colcon_notification.desktop_notification:Sending desktop notification using 'notify2'
[63.562s] DEBUG:colcon.colcon_notification.desktop_notification.notify2:Failed to initialize notify2: org.freedesktop.DBus.Error.ServiceUnknown: The name org.freedesktop.Notifications was not provided by any .service files
[63.562s] DEBUG:colcon.colcon_core.event_reactor:joined thread
[63.563s] INFO:colcon.colcon_core.shell:Creating prefix script '/home/mazenmadbouly/bluerov-bridge/install/local_setup.ps1'
[63.574s] INFO:colcon.colcon_core.shell:Creating prefix util module '/home/mazenmadbouly/bluerov-bridge/install/_local_setup_util_ps1.py'
[63.577s] INFO:colcon.colcon_core.shell:Creating prefix chain script '/home/mazenmadbouly/bluerov-bridge/install/setup.ps1'
[63.581s] INFO:colcon.colcon_core.shell:Creating prefix script '/home/mazenmadbouly/bluerov-bridge/install/local_setup.sh'
[63.583s] INFO:colcon.colcon_core.shell:Creating prefix util module '/home/mazenmadbouly/bluerov-bridge/install/_local_setup_util_sh.py'
[63.585s] INFO:colcon.colcon_core.shell:Creating prefix chain script '/home/mazenmadbouly/bluerov-bridge/install/setup.sh'
[63.588s] INFO:colcon.colcon_core.shell:Creating prefix script '/home/mazenmadbouly/bluerov-bridge/install/local_setup.bash'
[63.590s] INFO:colcon.colcon_core.shell:Creating prefix chain script '/home/mazenmadbouly/bluerov-bridge/install/setup.bash'
[63.593s] INFO:colcon.colcon_core.shell:Creating prefix script '/home/mazenmadbouly/bluerov-bridge/install/local_setup.zsh'
[63.596s] INFO:colcon.colcon_core.shell:Creating prefix chain script '/home/mazenmadbouly/bluerov-bridge/install/setup.zsh'
