[0.711s] DEBUG:colcon:Command line arguments: ['/usr/bin/colcon', 'build', '--symlink-install']
[0.712s] DEBUG:colcon:Parsed command line arguments: Namespace(log_base=None, log_level=None, verb_name='build', build_base='build', install_base='install', merge_install=False, symlink_install=True, test_result_base=None, continue_on_error=False, executor='parallel', parallel_workers=12, event_handlers=None, ignore_user_meta=False, metas=['./colcon.meta'], base_paths=['.'], packages_ignore=None, packages_ignore_regex=None, paths=None, packages_up_to=None, packages_up_to_regex=None, packages_above=None, packages_above_and_dependencies=None, packages_above_depth=None, packages_select_by_dep=None, packages_skip_by_dep=None, packages_skip_up_to=None, packages_select_build_failed=False, packages_skip_build_finished=False, packages_select_test_failures=False, packages_skip_test_passed=False, packages_select=None, packages_skip=None, packages_select_regex=None, packages_skip_regex=None, packages_start=None, packages_end=None, allow_overriding=[], cmake_args=None, cmake_target=None, cmake_target_skip_unavailable=False, cmake_clean_cache=False, cmake_clean_first=False, cmake_force_configure=False, ament_cmake_args=None, catkin_cmake_args=None, catkin_skip_building_tests=False, verb_parser=<colcon_defaults.argument_parser.defaults.DefaultArgumentsDecorator object at 0x7fa272698820>, verb_extension=<colcon_core.verb.build.BuildVerb object at 0x7fa2726983a0>, main=<bound method BuildVerb.main of <colcon_core.verb.build.BuildVerb object at 0x7fa2726983a0>>)
[0.788s] Level 1:colcon.colcon_core.package_discovery:discover_packages(colcon_meta) check parameters
[0.789s] Level 1:colcon.colcon_core.package_discovery:discover_packages(recursive) check parameters
[0.789s] Level 1:colcon.colcon_core.package_discovery:discover_packages(ignore) check parameters
[0.789s] Level 1:colcon.colcon_core.package_discovery:discover_packages(path) check parameters
[0.789s] Level 1:colcon.colcon_core.package_discovery:discover_packages(colcon_meta) discover
[0.789s] Level 1:colcon.colcon_core.package_discovery:discover_packages(recursive) discover
[0.789s] INFO:colcon.colcon_core.package_discovery:Crawling recursively for packages in '/home/mazenmadbouly/bluerov-bridge'
[0.789s] Level 1:colcon.colcon_core.package_identification:_identify(.) by extensions ['ignore', 'ignore_ament_install']
[0.789s] Level 1:colcon.colcon_core.package_identification:_identify(.) by extension 'ignore'
[0.789s] Level 1:colcon.colcon_core.package_identification:_identify(.) by extension 'ignore_ament_install'
[0.790s] Level 1:colcon.colcon_core.package_identification:_identify(.) by extensions ['colcon_pkg']
[0.790s] Level 1:colcon.colcon_core.package_identification:_identify(.) by extension 'colcon_pkg'
[0.790s] Level 1:colcon.colcon_core.package_identification:_identify(.) by extensions ['colcon_meta']
[0.790s] Level 1:colcon.colcon_core.package_identification:_identify(.) by extension 'colcon_meta'
[0.790s] Level 1:colcon.colcon_core.package_identification:_identify(.) by extensions ['ros']
[0.790s] Level 1:colcon.colcon_core.package_identification:_identify(.) by extension 'ros'
[0.814s] DEBUG:colcon.colcon_core.package_identification:Package '.' with type 'ros.ament_cmake' and name 'bluerov-bridge'
[0.815s] Level 1:colcon.colcon_core.package_discovery:discover_packages(recursive) using defaults
[0.815s] Level 1:colcon.colcon_core.package_discovery:discover_packages(ignore) discover
[0.815s] Level 1:colcon.colcon_core.package_discovery:discover_packages(ignore) using defaults
[0.815s] Level 1:colcon.colcon_core.package_discovery:discover_packages(path) discover
[0.815s] Level 1:colcon.colcon_core.package_discovery:discover_packages(path) using defaults
[0.842s] Level 1:colcon.colcon_core.package_discovery:discover_packages(prefix_path) check parameters
[0.842s] Level 1:colcon.colcon_core.package_discovery:discover_packages(prefix_path) discover
[0.844s] DEBUG:colcon.colcon_installed_package_information.package_discovery:Found 1 installed packages in /home/mazenmadbouly/auv_core_helper/install
[0.845s] DEBUG:colcon.colcon_installed_package_information.package_discovery:Found 1 installed packages in /home/mazenmadbouly/bluerov-bridge/install
[0.846s] DEBUG:colcon.colcon_installed_package_information.package_discovery:Found 295 installed packages in /opt/ros/humble
[0.848s] Level 1:colcon.colcon_core.package_discovery:discover_packages(prefix_path) using defaults
[0.903s] Level 5:colcon.colcon_core.verb:set package 'bluerov-bridge' build argument 'cmake_args' from command line to 'None'
[0.904s] Level 5:colcon.colcon_core.verb:set package 'bluerov-bridge' build argument 'cmake_target' from command line to 'None'
[0.904s] Level 5:colcon.colcon_core.verb:set package 'bluerov-bridge' build argument 'cmake_target_skip_unavailable' from command line to 'False'
[0.904s] Level 5:colcon.colcon_core.verb:set package 'bluerov-bridge' build argument 'cmake_clean_cache' from command line to 'False'
[0.904s] Level 5:colcon.colcon_core.verb:set package 'bluerov-bridge' build argument 'cmake_clean_first' from command line to 'False'
[0.904s] Level 5:colcon.colcon_core.verb:set package 'bluerov-bridge' build argument 'cmake_force_configure' from command line to 'False'
[0.904s] Level 5:colcon.colcon_core.verb:set package 'bluerov-bridge' build argument 'ament_cmake_args' from command line to 'None'
[0.904s] Level 5:colcon.colcon_core.verb:set package 'bluerov-bridge' build argument 'catkin_cmake_args' from command line to 'None'
[0.904s] Level 5:colcon.colcon_core.verb:set package 'bluerov-bridge' build argument 'catkin_skip_building_tests' from command line to 'False'
[0.904s] DEBUG:colcon.colcon_core.verb:Building package 'bluerov-bridge' with the following arguments: {'ament_cmake_args': None, 'build_base': '/home/mazenmadbouly/bluerov-bridge/build/bluerov-bridge', 'catkin_cmake_args': None, 'catkin_skip_building_tests': False, 'cmake_args': None, 'cmake_clean_cache': False, 'cmake_clean_first': False, 'cmake_force_configure': False, 'cmake_target': None, 'cmake_target_skip_unavailable': False, 'install_base': '/home/mazenmadbouly/bluerov-bridge/install/bluerov-bridge', 'merge_install': False, 'path': '/home/mazenmadbouly/bluerov-bridge', 'symlink_install': True, 'test_result_base': None}
[0.904s] INFO:colcon.colcon_core.executor:Executing jobs using 'parallel' executor
[0.906s] DEBUG:colcon.colcon_parallel_executor.executor.parallel:run_until_complete
[0.906s] INFO:colcon.colcon_ros.task.ament_cmake.build:Building ROS package in '/home/mazenmadbouly/bluerov-bridge' with build type 'ament_cmake'
[0.907s] INFO:colcon.colcon_cmake.task.cmake.build:Building CMake package in '/home/mazenmadbouly/bluerov-bridge'
[0.910s] INFO:colcon.colcon_core.plugin_system:Skipping extension 'colcon_core.shell.bat': Not used on non-Windows systems
[0.910s] INFO:colcon.colcon_core.shell:Skip shell extension 'powershell' for command environment: Not usable outside of PowerShell
[0.910s] DEBUG:colcon.colcon_core.shell:Skip shell extension 'dsv' for command environment
[0.928s] DEBUG:colcon.colcon_core.event_handler.log_command:Invoking command in '/home/mazenmadbouly/bluerov-bridge/build/bluerov-bridge': CMAKE_PREFIX_PATH=${CMAKE_PREFIX_PATH}:/opt/ros/humble /usr/bin/cmake --build /home/mazenmadbouly/bluerov-bridge/build/bluerov-bridge -- -j12 -l12
[32.820s] DEBUG:colcon.colcon_core.event_handler.log_command:Invoked command in '/home/mazenmadbouly/bluerov-bridge/build/bluerov-bridge' returned '0': CMAKE_PREFIX_PATH=${CMAKE_PREFIX_PATH}:/opt/ros/humble /usr/bin/cmake --build /home/mazenmadbouly/bluerov-bridge/build/bluerov-bridge -- -j12 -l12
[32.841s] DEBUG:colcon.colcon_core.event_handler.log_command:Invoking command in '/home/mazenmadbouly/bluerov-bridge/build/bluerov-bridge': CMAKE_PREFIX_PATH=${CMAKE_PREFIX_PATH}:/opt/ros/humble /usr/bin/cmake --install /home/mazenmadbouly/bluerov-bridge/build/bluerov-bridge
[32.906s] Level 1:colcon.colcon_core.environment:create_environment_scripts_only(bluerov-bridge)
[32.908s] DEBUG:colcon.colcon_core.event_handler.log_command:Invoked command in '/home/mazenmadbouly/bluerov-bridge/build/bluerov-bridge' returned '0': CMAKE_PREFIX_PATH=${CMAKE_PREFIX_PATH}:/opt/ros/humble /usr/bin/cmake --install /home/mazenmadbouly/bluerov-bridge/build/bluerov-bridge
[32.919s] Level 1:colcon.colcon_core.environment:checking '/home/mazenmadbouly/bluerov-bridge/install/bluerov-bridge' for CMake module files
[32.922s] Level 1:colcon.colcon_core.environment:checking '/home/mazenmadbouly/bluerov-bridge/install/bluerov-bridge' for CMake config files
[32.923s] Level 1:colcon.colcon_core.shell:create_environment_hook('bluerov-bridge', 'cmake_prefix_path')
[32.925s] INFO:colcon.colcon_core.shell:Creating environment hook '/home/mazenmadbouly/bluerov-bridge/install/bluerov-bridge/share/bluerov-bridge/hook/cmake_prefix_path.ps1'
[32.927s] INFO:colcon.colcon_core.shell:Creating environment descriptor '/home/mazenmadbouly/bluerov-bridge/install/bluerov-bridge/share/bluerov-bridge/hook/cmake_prefix_path.dsv'
[32.929s] INFO:colcon.colcon_core.shell:Creating environment hook '/home/mazenmadbouly/bluerov-bridge/install/bluerov-bridge/share/bluerov-bridge/hook/cmake_prefix_path.sh'
[32.933s] Level 1:colcon.colcon_core.environment:checking '/home/mazenmadbouly/bluerov-bridge/install/bluerov-bridge/lib'
[32.934s] Level 1:colcon.colcon_core.environment:checking '/home/mazenmadbouly/bluerov-bridge/install/bluerov-bridge/bin'
[32.935s] Level 1:colcon.colcon_core.environment:checking '/home/mazenmadbouly/bluerov-bridge/install/bluerov-bridge/lib/pkgconfig/bluerov-bridge.pc'
[32.936s] Level 1:colcon.colcon_core.environment:checking '/home/mazenmadbouly/bluerov-bridge/install/bluerov-bridge/lib/python3.10/site-packages'
[32.937s] Level 1:colcon.colcon_core.environment:checking '/home/mazenmadbouly/bluerov-bridge/install/bluerov-bridge/bin'
[32.938s] INFO:colcon.colcon_core.shell:Creating package script '/home/mazenmadbouly/bluerov-bridge/install/bluerov-bridge/share/bluerov-bridge/package.ps1'
[32.942s] INFO:colcon.colcon_core.shell:Creating package descriptor '/home/mazenmadbouly/bluerov-bridge/install/bluerov-bridge/share/bluerov-bridge/package.dsv'
[32.944s] INFO:colcon.colcon_core.shell:Creating package script '/home/mazenmadbouly/bluerov-bridge/install/bluerov-bridge/share/bluerov-bridge/package.sh'
[32.947s] INFO:colcon.colcon_core.shell:Creating package script '/home/mazenmadbouly/bluerov-bridge/install/bluerov-bridge/share/bluerov-bridge/package.bash'
[32.951s] INFO:colcon.colcon_core.shell:Creating package script '/home/mazenmadbouly/bluerov-bridge/install/bluerov-bridge/share/bluerov-bridge/package.zsh'
[32.954s] Level 1:colcon.colcon_core.environment:create_file_with_runtime_dependencies(/home/mazenmadbouly/bluerov-bridge/install/bluerov-bridge/share/colcon-core/packages/bluerov-bridge)
[32.957s] Level 1:colcon.colcon_core.environment:create_environment_scripts_only(bluerov-bridge)
[32.958s] Level 1:colcon.colcon_core.environment:checking '/home/mazenmadbouly/bluerov-bridge/install/bluerov-bridge' for CMake module files
[32.960s] Level 1:colcon.colcon_core.environment:checking '/home/mazenmadbouly/bluerov-bridge/install/bluerov-bridge' for CMake config files
[32.961s] Level 1:colcon.colcon_core.shell:create_environment_hook('bluerov-bridge', 'cmake_prefix_path')
[32.962s] INFO:colcon.colcon_core.shell:Creating environment hook '/home/mazenmadbouly/bluerov-bridge/install/bluerov-bridge/share/bluerov-bridge/hook/cmake_prefix_path.ps1'
[32.964s] INFO:colcon.colcon_core.shell:Creating environment descriptor '/home/mazenmadbouly/bluerov-bridge/install/bluerov-bridge/share/bluerov-bridge/hook/cmake_prefix_path.dsv'
[32.966s] INFO:colcon.colcon_core.shell:Creating environment hook '/home/mazenmadbouly/bluerov-bridge/install/bluerov-bridge/share/bluerov-bridge/hook/cmake_prefix_path.sh'
[32.968s] Level 1:colcon.colcon_core.environment:checking '/home/mazenmadbouly/bluerov-bridge/install/bluerov-bridge/lib'
[32.969s] Level 1:colcon.colcon_core.environment:checking '/home/mazenmadbouly/bluerov-bridge/install/bluerov-bridge/bin'
[32.969s] Level 1:colcon.colcon_core.environment:checking '/home/mazenmadbouly/bluerov-bridge/install/bluerov-bridge/lib/pkgconfig/bluerov-bridge.pc'
[32.970s] Level 1:colcon.colcon_core.environment:checking '/home/mazenmadbouly/bluerov-bridge/install/bluerov-bridge/lib/python3.10/site-packages'
[32.971s] Level 1:colcon.colcon_core.environment:checking '/home/mazenmadbouly/bluerov-bridge/install/bluerov-bridge/bin'
[32.973s] INFO:colcon.colcon_core.shell:Creating package script '/home/mazenmadbouly/bluerov-bridge/install/bluerov-bridge/share/bluerov-bridge/package.ps1'
[32.975s] INFO:colcon.colcon_core.shell:Creating package descriptor '/home/mazenmadbouly/bluerov-bridge/install/bluerov-bridge/share/bluerov-bridge/package.dsv'
[32.977s] INFO:colcon.colcon_core.shell:Creating package script '/home/mazenmadbouly/bluerov-bridge/install/bluerov-bridge/share/bluerov-bridge/package.sh'
[32.980s] INFO:colcon.colcon_core.shell:Creating package script '/home/mazenmadbouly/bluerov-bridge/install/bluerov-bridge/share/bluerov-bridge/package.bash'
[32.982s] INFO:colcon.colcon_core.shell:Creating package script '/home/mazenmadbouly/bluerov-bridge/install/bluerov-bridge/share/bluerov-bridge/package.zsh'
[32.984s] Level 1:colcon.colcon_core.environment:create_file_with_runtime_dependencies(/home/mazenmadbouly/bluerov-bridge/install/bluerov-bridge/share/colcon-core/packages/bluerov-bridge)
[32.986s] DEBUG:colcon.colcon_parallel_executor.executor.parallel:closing loop
[32.988s] DEBUG:colcon.colcon_parallel_executor.executor.parallel:loop closed
[32.989s] DEBUG:colcon.colcon_parallel_executor.executor.parallel:run_until_complete finished with '0'
[32.990s] DEBUG:colcon.colcon_core.event_reactor:joining thread
[33.312s] INFO:colcon.colcon_core.plugin_system:Skipping extension 'colcon_notification.desktop_notification.notify_send': Could not find 'notify-send'
[33.312s] INFO:colcon.colcon_core.plugin_system:Skipping extension 'colcon_notification.desktop_notification.terminal_notifier': Not used on non-Darwin systems
[33.313s] INFO:colcon.colcon_core.plugin_system:Skipping extension 'colcon_notification.desktop_notification.win32': Not used on non-Windows systems
[33.313s] INFO:colcon.colcon_notification.desktop_notification:Sending desktop notification using 'notify2'
[33.318s] DEBUG:colcon.colcon_notification.desktop_notification.notify2:Failed to initialize notify2: org.freedesktop.DBus.Error.ServiceUnknown: The name org.freedesktop.Notifications was not provided by any .service files
[33.318s] DEBUG:colcon.colcon_core.event_reactor:joined thread
[33.320s] INFO:colcon.colcon_core.shell:Creating prefix script '/home/mazenmadbouly/bluerov-bridge/install/local_setup.ps1'
[33.323s] INFO:colcon.colcon_core.shell:Creating prefix util module '/home/mazenmadbouly/bluerov-bridge/install/_local_setup_util_ps1.py'
[33.329s] INFO:colcon.colcon_core.shell:Creating prefix chain script '/home/mazenmadbouly/bluerov-bridge/install/setup.ps1'
[33.334s] INFO:colcon.colcon_core.shell:Creating prefix script '/home/mazenmadbouly/bluerov-bridge/install/local_setup.sh'
[33.336s] INFO:colcon.colcon_core.shell:Creating prefix util module '/home/mazenmadbouly/bluerov-bridge/install/_local_setup_util_sh.py'
[33.339s] INFO:colcon.colcon_core.shell:Creating prefix chain script '/home/mazenmadbouly/bluerov-bridge/install/setup.sh'
[33.343s] INFO:colcon.colcon_core.shell:Creating prefix script '/home/mazenmadbouly/bluerov-bridge/install/local_setup.bash'
[33.345s] INFO:colcon.colcon_core.shell:Creating prefix chain script '/home/mazenmadbouly/bluerov-bridge/install/setup.bash'
[33.350s] INFO:colcon.colcon_core.shell:Creating prefix script '/home/mazenmadbouly/bluerov-bridge/install/local_setup.zsh'
[33.352s] INFO:colcon.colcon_core.shell:Creating prefix chain script '/home/mazenmadbouly/bluerov-bridge/install/setup.zsh'
