[0.023s] Invoking command in '/home/mazenmadbouly/bluerov-bridge/build/bluerov-bridge': CMAKE_PREFIX_PATH=${CMAKE_PREFIX_PATH}:/opt/ros/humble /usr/bin/cmake /home/mazenmadbouly/bluerov-bridge -DAMENT_CMAKE_SYMLINK_INSTALL=1 -DCMAKE_INSTALL_PREFIX=/home/mazenmadbouly/bluerov-bridge/install/bluerov-bridge
[0.271s] -- The C compiler identification is GNU 11.4.0
[1.350s] -- The CXX compiler identification is GNU 11.4.0
[2.092s] -- Detecting C compiler ABI info
[2.348s] -- Detecting C compiler ABI info - done
[2.357s] -- Check for working C compiler: /usr/lib/ccache/cc - skipped
[2.358s] -- Detecting C compile features
[2.358s] -- Detecting C compile features - done
[2.362s] -- Detecting CXX compiler ABI info
[2.630s] -- Detecting CXX compiler ABI info - done
[2.641s] -- Check for working CXX compiler: /usr/lib/ccache/c++ - skipped
[2.641s] -- Detecting CXX compile features
[2.643s] -- Detecting CXX compile features - done
[2.647s] -- Found ament_cmake: 1.3.11 (/opt/ros/humble/share/ament_cmake/cmake)
[3.287s] -- Found Python3: /usr/bin/python3 (found version "3.10.12") found components: Interpreter 
[3.448s] -- Override CMake install command with custom implementation using symlinks instead of copying resources
[3.512s] -- Found rclcpp: 16.0.11 (/opt/ros/humble/share/rclcpp/cmake)
[3.783s] -- Found rosidl_generator_c: 3.1.6 (/opt/ros/humble/share/rosidl_generator_c/cmake)
[3.789s] -- Found rosidl_adapter: 3.1.6 (/opt/ros/humble/share/rosidl_adapter/cmake)
[3.798s] -- Found rosidl_generator_cpp: 3.1.6 (/opt/ros/humble/share/rosidl_generator_cpp/cmake)
[3.814s] -- Using all available rosidl_typesupport_c: rosidl_typesupport_fastrtps_c;rosidl_typesupport_introspection_c
[3.836s] -- Using all available rosidl_typesupport_cpp: rosidl_typesupport_fastrtps_cpp;rosidl_typesupport_introspection_cpp
[3.892s] -- Found rmw_implementation_cmake: 6.1.2 (/opt/ros/humble/share/rmw_implementation_cmake/cmake)
[3.895s] -- Found rmw_fastrtps_cpp: 6.2.7 (/opt/ros/humble/share/rmw_fastrtps_cpp/cmake)
[6.138s] -- Found OpenSSL: /usr/lib/x86_64-linux-gnu/libcrypto.so (found version "3.0.2")  
[8.594s] -- Found FastRTPS: /opt/ros/humble/include  
[13.350s] -- Using RMW implementation 'rmw_fastrtps_cpp' as default
[13.362s] -- Looking for pthread.h
[13.586s] -- Looking for pthread.h - found
[13.587s] -- Performing Test CMAKE_HAVE_LIBC_PTHREAD
[13.830s] -- Performing Test CMAKE_HAVE_LIBC_PTHREAD - Success
[13.832s] -- Found Threads: TRUE  
[13.936s] -- Found visualization_msgs: 4.2.4 (/opt/ros/humble/share/visualization_msgs/cmake)
[14.025s] -- Found tf2_ros: 0.25.12 (/opt/ros/humble/share/tf2_ros/cmake)
[14.214s] -- Found auv_core_helper: 0.1.0 (/home/mazenmadbouly/auv_core_helper/install/auv_core_helper/share/auv_core_helper/cmake)
[14.241s] -- Found tf2_geometry_msgs: 0.25.12 (/opt/ros/humble/share/tf2_geometry_msgs/cmake)
[14.332s] -- Found eigen3_cmake_module: 0.1.1 (/opt/ros/humble/share/eigen3_cmake_module/cmake)
[14.336s] -- Found Eigen3: TRUE (found version "3.4.0") 
[14.336s] -- Ensuring Eigen3 include directory is part of orocos-kdl CMake target
[14.343s] -- Found rclcpp_lifecycle: 16.0.11 (/opt/ros/humble/share/rclcpp_lifecycle/cmake)
[14.373s] -- Found nav_msgs: 4.2.4 (/opt/ros/humble/share/nav_msgs/cmake)
[14.409s] -- Found PkgConfig: /usr/bin/pkg-config (found version "0.29.2") 
[14.411s] -- Checking for module 'libconfig++'
[14.435s] --   Found libconfig++, version 1.5
[14.510s] -- Found ament_lint_auto: 0.12.11 (/opt/ros/humble/share/ament_lint_auto/cmake)
[14.657s] -- Added test 'copyright' to check source files copyright and LICENSE
[14.704s] -- Added test 'cppcheck' to perform static code analysis on C / C++ code
[14.705s] -- Configured cppcheck include dirs: /home/mazenmadbouly/bluerov-bridge/include
[14.705s] -- Configured cppcheck exclude dirs and/or files: 
[14.748s] -- Added test 'cpplint' to check C / C++ code against the Google style
[14.749s] -- Configured cpplint exclude dirs and/or files: 
[14.754s] -- Added test 'flake8' to check Python code syntax and style conventions
[14.765s] -- Added test 'lint_cmake' to check CMake code style
[14.770s] -- Added test 'pep257' to check Python code against some of the docstring style conventions in PEP 257
[14.821s] -- Added test 'uncrustify' to check C / C++ code style
[14.821s] -- Configured uncrustify additional arguments: 
[14.828s] -- Added test 'xmllint' to check XML markup files
[14.830s] -- Configuring done
[14.998s] -- Generating done
[15.017s] -- Build files have been written to: /home/mazenmadbouly/bluerov-bridge/build/bluerov-bridge
[15.045s] Invoked command in '/home/mazenmadbouly/bluerov-bridge/build/bluerov-bridge' returned '0': CMAKE_PREFIX_PATH=${CMAKE_PREFIX_PATH}:/opt/ros/humble /usr/bin/cmake /home/mazenmadbouly/bluerov-bridge -DAMENT_CMAKE_SYMLINK_INSTALL=1 -DCMAKE_INSTALL_PREFIX=/home/mazenmadbouly/bluerov-bridge/install/bluerov-bridge
[15.054s] Invoking command in '/home/mazenmadbouly/bluerov-bridge/build/bluerov-bridge': CMAKE_PREFIX_PATH=${CMAKE_PREFIX_PATH}:/opt/ros/humble /usr/bin/cmake --build /home/mazenmadbouly/bluerov-bridge/build/bluerov-bridge -- -j12 -l12
[15.132s] [ 66%] [32mBuilding CXX object CMakeFiles/bluerov_bridge_node.dir/src/bluerov-bridge/bluerov_bridge.cpp.o[0m
[15.132s] [ 66%] [32mBuilding CXX object CMakeFiles/bluerov_bridge_node.dir/src/bluerov_bridge_node.cpp.o[0m
[15.227s] [100%] [32m[1mLinking CXX executable bluerov_bridge_node[0m
[20.512s] [100%] Built target bluerov_bridge_node
[20.530s] Invoked command in '/home/mazenmadbouly/bluerov-bridge/build/bluerov-bridge' returned '0': CMAKE_PREFIX_PATH=${CMAKE_PREFIX_PATH}:/opt/ros/humble /usr/bin/cmake --build /home/mazenmadbouly/bluerov-bridge/build/bluerov-bridge -- -j12 -l12
[20.546s] Invoking command in '/home/mazenmadbouly/bluerov-bridge/build/bluerov-bridge': CMAKE_PREFIX_PATH=${CMAKE_PREFIX_PATH}:/opt/ros/humble /usr/bin/cmake --install /home/mazenmadbouly/bluerov-bridge/build/bluerov-bridge
[20.555s] -- Install configuration: "Debug"
[20.555s] -- Execute custom install script
[20.557s] -- Symlinking: /home/mazenmadbouly/bluerov-bridge/install/bluerov-bridge/lib/bluerov-bridge/bluerov_bridge_node
[20.570s] -- Symlinking: /home/mazenmadbouly/bluerov-bridge/install/bluerov-bridge/include//bluerov-bridge/bluerov_bridge.hpp
[20.582s] -- Symlinking: /home/mazenmadbouly/bluerov-bridge/install/bluerov-bridge/share/ament_index/resource_index/package_run_dependencies/bluerov-bridge
[20.594s] -- Symlinking: /home/mazenmadbouly/bluerov-bridge/install/bluerov-bridge/share/ament_index/resource_index/parent_prefix_path/bluerov-bridge
[20.607s] -- Symlinking: /home/mazenmadbouly/bluerov-bridge/install/bluerov-bridge/share/bluerov-bridge/environment/ament_prefix_path.sh
[20.625s] -- Symlinking: /home/mazenmadbouly/bluerov-bridge/install/bluerov-bridge/share/bluerov-bridge/environment/ament_prefix_path.dsv
[20.643s] -- Symlinking: /home/mazenmadbouly/bluerov-bridge/install/bluerov-bridge/share/bluerov-bridge/environment/path.sh
[20.656s] -- Symlinking: /home/mazenmadbouly/bluerov-bridge/install/bluerov-bridge/share/bluerov-bridge/environment/path.dsv
[20.669s] -- Symlinking: /home/mazenmadbouly/bluerov-bridge/install/bluerov-bridge/share/bluerov-bridge/local_setup.bash
[20.680s] -- Symlinking: /home/mazenmadbouly/bluerov-bridge/install/bluerov-bridge/share/bluerov-bridge/local_setup.sh
[20.692s] -- Symlinking: /home/mazenmadbouly/bluerov-bridge/install/bluerov-bridge/share/bluerov-bridge/local_setup.zsh
[20.704s] -- Symlinking: /home/mazenmadbouly/bluerov-bridge/install/bluerov-bridge/share/bluerov-bridge/local_setup.dsv
[20.717s] -- Symlinking: /home/mazenmadbouly/bluerov-bridge/install/bluerov-bridge/share/bluerov-bridge/package.dsv
[20.729s] -- Symlinking: /home/mazenmadbouly/bluerov-bridge/install/bluerov-bridge/share/ament_index/resource_index/packages/bluerov-bridge
[20.741s] -- Symlinking: /home/mazenmadbouly/bluerov-bridge/install/bluerov-bridge/share/bluerov-bridge/cmake/bluerov-bridgeConfig.cmake
[20.753s] -- Symlinking: /home/mazenmadbouly/bluerov-bridge/install/bluerov-bridge/share/bluerov-bridge/cmake/bluerov-bridgeConfig-version.cmake
[20.763s] -- Symlinking: /home/mazenmadbouly/bluerov-bridge/install/bluerov-bridge/share/bluerov-bridge/package.xml
[20.779s] Invoked command in '/home/mazenmadbouly/bluerov-bridge/build/bluerov-bridge' returned '0': CMAKE_PREFIX_PATH=${CMAKE_PREFIX_PATH}:/opt/ros/humble /usr/bin/cmake --install /home/mazenmadbouly/bluerov-bridge/build/bluerov-bridge
