[0.021s] Invoking command in '/home/mazenmadbouly/bluerov-bridge/build/bluerov-bridge': CMAKE_PREFIX_PATH=${CMAKE_PREFIX_PATH}:/opt/ros/humble /usr/bin/cmake /home/mazenmadbouly/bluerov-bridge -DAMENT_CMAKE_SYMLINK_INSTALL=1 -DCMAKE_INSTALL_PREFIX=/home/mazenmadbouly/bluerov-bridge/install/bluerov-bridge
[0.037s] -- Found ament_cmake: 1.3.11 (/opt/ros/humble/share/ament_cmake/cmake)
[0.167s] -- Override CMake install command with custom implementation using symlinks instead of copying resources
[0.191s] -- Found rclcpp: 16.0.11 (/opt/ros/humble/share/rclcpp/cmake)
[0.385s] -- Found rosidl_generator_c: 3.1.6 (/opt/ros/humble/share/rosidl_generator_c/cmake)
[0.390s] -- Found rosidl_adapter: 3.1.6 (/opt/ros/humble/share/rosidl_adapter/cmake)
[0.402s] -- Found rosidl_generator_cpp: 3.1.6 (/opt/ros/humble/share/rosidl_generator_cpp/cmake)
[0.423s] -- Using all available rosidl_typesupport_c: rosidl_typesupport_fastrtps_c;rosidl_typesupport_introspection_c
[0.446s] -- Using all available rosidl_typesupport_cpp: rosidl_typesupport_fastrtps_cpp;rosidl_typesupport_introspection_cpp
[0.513s] -- Found rmw_implementation_cmake: 6.1.2 (/opt/ros/humble/share/rmw_implementation_cmake/cmake)
[0.518s] -- Found rmw_fastrtps_cpp: 6.2.7 (/opt/ros/humble/share/rmw_fastrtps_cpp/cmake)
[5.465s] -- Using RMW implementation 'rmw_fastrtps_cpp' as default
[5.574s] -- Found visualization_msgs: 4.2.4 (/opt/ros/humble/share/visualization_msgs/cmake)
[5.653s] -- Found tf2_ros: 0.25.12 (/opt/ros/humble/share/tf2_ros/cmake)
[5.801s] -- Found auv_core_helper: 0.1.0 (/home/mazenmadbouly/auv_core_ros2/auv_core_helper/install/auv_core_helper/share/auv_core_helper/cmake)
[5.828s] -- Found tf2_geometry_msgs: 0.25.12 (/opt/ros/humble/share/tf2_geometry_msgs/cmake)
[5.835s] -- Found eigen3_cmake_module: 0.1.1 (/opt/ros/humble/share/eigen3_cmake_module/cmake)
[5.838s] -- Ensuring Eigen3 include directory is part of orocos-kdl CMake target
[5.841s] -- Found rclcpp_lifecycle: 16.0.11 (/opt/ros/humble/share/rclcpp_lifecycle/cmake)
[5.874s] -- Found nav_msgs: 4.2.4 (/opt/ros/humble/share/nav_msgs/cmake)
[7.068s] [31mCMake Error at CMakeLists.txt:37 (find_package):
[7.068s]   By not providing "Findmavlink.cmake" in CMAKE_MODULE_PATH this project has
[7.068s]   asked CMake to find a package configuration file provided by "mavlink", but
[7.068s]   CMake did not find one.
[7.068s] 
[7.068s]   Could not find a package configuration file provided by "mavlink" with any
[7.068s]   of the following names:
[7.068s] 
[7.068s]     mavlinkConfig.cmake
[7.068s]     mavlink-config.cmake
[7.068s] 
[7.068s]   Add the installation prefix of "mavlink" to CMAKE_PREFIX_PATH or set
[7.068s]   "mavlink_DIR" to a directory containing one of the above files.  If
[7.069s]   "mavlink" provides a separate development package or SDK, be sure it has
[7.069s]   been installed.
[7.069s] 
[7.069s] [0m
[7.069s] -- Configuring incomplete, errors occurred!
[7.069s] See also "/home/mazenmadbouly/bluerov-bridge/build/bluerov-bridge/CMakeFiles/CMakeOutput.log".
[7.078s] Invoked command in '/home/mazenmadbouly/bluerov-bridge/build/bluerov-bridge' returned '1': CMAKE_PREFIX_PATH=${CMAKE_PREFIX_PATH}:/opt/ros/humble /usr/bin/cmake /home/mazenmadbouly/bluerov-bridge -DAMENT_CMAKE_SYMLINK_INSTALL=1 -DCMAKE_INSTALL_PREFIX=/home/mazenmadbouly/bluerov-bridge/install/bluerov-bridge
