[0.018s] Invoking command in '/home/mazenmadbouly/bluerov-bridge/build/bluerov-bridge': CMAKE_PREFIX_PATH=${CMAKE_PREFIX_PATH}:/opt/ros/humble /usr/bin/cmake /home/mazenmadbouly/bluerov-bridge -DAMENT_CMAKE_SYMLINK_INSTALL=1 -DCMAKE_INSTALL_PREFIX=/home/mazenmadbouly/bluerov-bridge/install/bluerov-bridge
[0.088s] -- Found ament_cmake: 1.3.11 (/opt/ros/humble/share/ament_cmake/cmake)
[0.233s] -- Override CMake install command with custom implementation using symlinks instead of copying resources
[0.260s] -- Found rclcpp: 16.0.11 (/opt/ros/humble/share/rclcpp/cmake)
[0.484s] -- Found rosidl_generator_c: 3.1.6 (/opt/ros/humble/share/rosidl_generator_c/cmake)
[0.489s] -- Found rosidl_adapter: 3.1.6 (/opt/ros/humble/share/rosidl_adapter/cmake)
[0.503s] -- Found rosidl_generator_cpp: 3.1.6 (/opt/ros/humble/share/rosidl_generator_cpp/cmake)
[0.522s] -- Using all available rosidl_typesupport_c: rosidl_typesupport_fastrtps_c;rosidl_typesupport_introspection_c
[0.544s] -- Using all available rosidl_typesupport_cpp: rosidl_typesupport_fastrtps_cpp;rosidl_typesupport_introspection_cpp
[0.613s] -- Found rmw_implementation_cmake: 6.1.2 (/opt/ros/humble/share/rmw_implementation_cmake/cmake)
[0.618s] -- Found rmw_fastrtps_cpp: 6.2.7 (/opt/ros/humble/share/rmw_fastrtps_cpp/cmake)
[6.384s] -- Using RMW implementation 'rmw_fastrtps_cpp' as default
[6.487s] -- Found visualization_msgs: 4.2.4 (/opt/ros/humble/share/visualization_msgs/cmake)
[6.567s] -- Found tf2_ros: 0.25.12 (/opt/ros/humble/share/tf2_ros/cmake)
[6.715s] -- Found auv_core_helper: 0.1.0 (/home/mazenmadbouly/auv_core_ros2/auv_core_helper/install/auv_core_helper/share/auv_core_helper/cmake)
[6.740s] -- Found tf2_geometry_msgs: 0.25.12 (/opt/ros/humble/share/tf2_geometry_msgs/cmake)
[6.747s] -- Found eigen3_cmake_module: 0.1.1 (/opt/ros/humble/share/eigen3_cmake_module/cmake)
[6.749s] -- Ensuring Eigen3 include directory is part of orocos-kdl CMake target
[6.751s] -- Found rclcpp_lifecycle: 16.0.11 (/opt/ros/humble/share/rclcpp_lifecycle/cmake)
[6.780s] -- Found nav_msgs: 4.2.4 (/opt/ros/humble/share/nav_msgs/cmake)
[6.812s] -- Checking for module 'libconfig++'
[6.826s] --   Found libconfig++, version 1.5
[7.039s] [31mCMake Error at CMakeLists.txt:46 (find_library):
[7.039s]   Could not find SIX_DOF_MODEL_LIBRARY using the following names:
[7.039s]   underwater_vehicle_model
[7.039s] 
[7.039s] [0m
[7.039s] -- Configuring incomplete, errors occurred!
[7.039s] See also "/home/mazenmadbouly/bluerov-bridge/build/bluerov-bridge/CMakeFiles/CMakeOutput.log".
[7.058s] Invoked command in '/home/mazenmadbouly/bluerov-bridge/build/bluerov-bridge' returned '1': CMAKE_PREFIX_PATH=${CMAKE_PREFIX_PATH}:/opt/ros/humble /usr/bin/cmake /home/mazenmadbouly/bluerov-bridge -DAMENT_CMAKE_SYMLINK_INSTALL=1 -DCMAKE_INSTALL_PREFIX=/home/mazenmadbouly/bluerov-bridge/install/bluerov-bridge
