[0.017s] Invoking command in '/home/mazenmadbouly/bluerov-bridge/build/bluerov-bridge': CMAKE_PREFIX_PATH=${CMAKE_PREFIX_PATH}:/opt/ros/humble /usr/bin/cmake --build /home/mazenmadbouly/bluerov-bridge/build/bluerov-bridge -- -j12 -l12
[0.097s] [ 33%] [32mBuilding CXX object CMakeFiles/bluerov_bridge_node.dir/src/bluerov-bridge/bluerov_bridge.cpp.o[0m
[20.899s] [ 66%] [32m[1mLinking CXX executable bluerov_bridge_node[0m
[24.983s] [100%] Built target bluerov_bridge_node
[25.007s] Invoked command in '/home/mazenmadbouly/bluerov-bridge/build/bluerov-bridge' returned '0': CMAKE_PREFIX_PATH=${CMAKE_PREFIX_PATH}:/opt/ros/humble /usr/bin/cmake --build /home/mazenmadbouly/bluerov-bridge/build/bluerov-bridge -- -j12 -l12
[25.026s] Invoking command in '/home/mazenmadbouly/bluerov-bridge/build/bluerov-bridge': CMAKE_PREFIX_PATH=${CMAKE_PREFIX_PATH}:/opt/ros/humble /usr/bin/cmake --install /home/mazenmadbouly/bluerov-bridge/build/bluerov-bridge
[25.036s] -- Install configuration: "Debug"
[25.037s] -- Execute custom install script
[25.037s] -- Up-to-date symlink: /home/mazenmadbouly/bluerov-bridge/install/bluerov-bridge/lib/bluerov-bridge/bluerov_bridge_node
[25.038s] -- Up-to-date symlink: /home/mazenmadbouly/bluerov-bridge/install/bluerov-bridge/include//bluerov-bridge/bluerov_bridge.hpp
[25.039s] -- Up-to-date symlink: /home/mazenmadbouly/bluerov-bridge/install/bluerov-bridge/share/ament_index/resource_index/package_run_dependencies/bluerov-bridge
[25.040s] -- Up-to-date symlink: /home/mazenmadbouly/bluerov-bridge/install/bluerov-bridge/share/ament_index/resource_index/parent_prefix_path/bluerov-bridge
[25.040s] -- Up-to-date symlink: /home/mazenmadbouly/bluerov-bridge/install/bluerov-bridge/share/bluerov-bridge/environment/ament_prefix_path.sh
[25.040s] -- Up-to-date symlink: /home/mazenmadbouly/bluerov-bridge/install/bluerov-bridge/share/bluerov-bridge/environment/ament_prefix_path.dsv
[25.041s] -- Up-to-date symlink: /home/mazenmadbouly/bluerov-bridge/install/bluerov-bridge/share/bluerov-bridge/environment/path.sh
[25.041s] -- Up-to-date symlink: /home/mazenmadbouly/bluerov-bridge/install/bluerov-bridge/share/bluerov-bridge/environment/path.dsv
[25.041s] -- Up-to-date symlink: /home/mazenmadbouly/bluerov-bridge/install/bluerov-bridge/share/bluerov-bridge/local_setup.bash
[25.042s] -- Up-to-date symlink: /home/mazenmadbouly/bluerov-bridge/install/bluerov-bridge/share/bluerov-bridge/local_setup.sh
[25.042s] -- Up-to-date symlink: /home/mazenmadbouly/bluerov-bridge/install/bluerov-bridge/share/bluerov-bridge/local_setup.zsh
[25.042s] -- Up-to-date symlink: /home/mazenmadbouly/bluerov-bridge/install/bluerov-bridge/share/bluerov-bridge/local_setup.dsv
[25.042s] -- Symlinking: /home/mazenmadbouly/bluerov-bridge/install/bluerov-bridge/share/bluerov-bridge/package.dsv
[25.055s] -- Up-to-date symlink: /home/mazenmadbouly/bluerov-bridge/install/bluerov-bridge/share/ament_index/resource_index/packages/bluerov-bridge
[25.055s] -- Up-to-date symlink: /home/mazenmadbouly/bluerov-bridge/install/bluerov-bridge/share/bluerov-bridge/cmake/bluerov-bridgeConfig.cmake
[25.055s] -- Up-to-date symlink: /home/mazenmadbouly/bluerov-bridge/install/bluerov-bridge/share/bluerov-bridge/cmake/bluerov-bridgeConfig-version.cmake
[25.055s] -- Up-to-date symlink: /home/mazenmadbouly/bluerov-bridge/install/bluerov-bridge/share/bluerov-bridge/package.xml
[25.059s] Invoked command in '/home/mazenmadbouly/bluerov-bridge/build/bluerov-bridge' returned '0': CMAKE_PREFIX_PATH=${CMAKE_PREFIX_PATH}:/opt/ros/humble /usr/bin/cmake --install /home/mazenmadbouly/bluerov-bridge/build/bluerov-bridge
