[0.013s] Invoking command in '/home/mazenmadbouly/bluerov-bridge/build/bluerov-bridge': CMAKE_PREFIX_PATH=${CMAKE_PREFIX_PATH}:/opt/ros/humble /usr/bin/cmake --build /home/mazenmadbouly/bluerov-bridge/build/bluerov-bridge -- -j12 -l12
[0.035s] -- Found ament_cmake: 1.3.11 (/opt/ros/humble/share/ament_cmake/cmake)
[0.144s] -- Override CMake install command with custom implementation using symlinks instead of copying resources
[0.151s] -- Found rclcpp: 16.0.11 (/opt/ros/humble/share/rclcpp/cmake)
[0.304s] -- Found rosidl_generator_c: 3.1.6 (/opt/ros/humble/share/rosidl_generator_c/cmake)
[0.306s] -- Found rosidl_adapter: 3.1.6 (/opt/ros/humble/share/rosidl_adapter/cmake)
[0.312s] -- Found rosidl_generator_cpp: 3.1.6 (/opt/ros/humble/share/rosidl_generator_cpp/cmake)
[0.321s] -- Using all available rosidl_typesupport_c: rosidl_typesupport_fastrtps_c;rosidl_typesupport_introspection_c
[0.333s] -- Using all available rosidl_typesupport_cpp: rosidl_typesupport_fastrtps_cpp;rosidl_typesupport_introspection_cpp
[0.362s] -- Found rmw_implementation_cmake: 6.1.2 (/opt/ros/humble/share/rmw_implementation_cmake/cmake)
[0.364s] -- Found rmw_fastrtps_cpp: 6.2.7 (/opt/ros/humble/share/rmw_fastrtps_cpp/cmake)
[6.061s] -- Using RMW implementation 'rmw_fastrtps_cpp' as default
[6.106s] -- Found visualization_msgs: 4.2.4 (/opt/ros/humble/share/visualization_msgs/cmake)
[6.151s] -- Found tf2_ros: 0.25.12 (/opt/ros/humble/share/tf2_ros/cmake)
[6.227s] -- Found auv_core_helper: 0.1.0 (/home/mazenmadbouly/auv_core_ros2/auv_core_helper/install/auv_core_helper/share/auv_core_helper/cmake)
[6.243s] -- Found tf2_geometry_msgs: 0.25.12 (/opt/ros/humble/share/tf2_geometry_msgs/cmake)
[6.246s] -- Found eigen3_cmake_module: 0.1.1 (/opt/ros/humble/share/eigen3_cmake_module/cmake)
[6.247s] -- Ensuring Eigen3 include directory is part of orocos-kdl CMake target
[6.249s] -- Found rclcpp_lifecycle: 16.0.11 (/opt/ros/humble/share/rclcpp_lifecycle/cmake)
[6.263s] -- Found nav_msgs: 4.2.4 (/opt/ros/humble/share/nav_msgs/cmake)
[6.293s] -- Found ament_lint_auto: 0.12.11 (/opt/ros/humble/share/ament_lint_auto/cmake)
[6.365s] -- Added test 'copyright' to check source files copyright and LICENSE
[6.390s] -- Added test 'cppcheck' to perform static code analysis on C / C++ code
[6.391s] -- Configured cppcheck include dirs: /home/mazenmadbouly/bluerov-bridge/include
[6.391s] -- Configured cppcheck exclude dirs and/or files: 
[6.415s] -- Added test 'cpplint' to check C / C++ code against the Google style
[6.415s] -- Configured cpplint exclude dirs and/or files: 
[6.419s] -- Added test 'flake8' to check Python code syntax and style conventions
[6.425s] -- Added test 'lint_cmake' to check CMake code style
[6.429s] -- Added test 'pep257' to check Python code against some of the docstring style conventions in PEP 257
[6.454s] -- Added test 'uncrustify' to check C / C++ code style
[6.454s] -- Configured uncrustify additional arguments: 
[6.457s] -- Added test 'xmllint' to check XML markup files
[6.458s] -- Configuring done
[6.560s] -- Generating done
[6.571s] -- Build files have been written to: /home/mazenmadbouly/bluerov-bridge/build/bluerov-bridge
[6.602s] [35m[1mConsolidate compiler generated dependencies of target bluerov_bridge_node[0m
[6.633s] [100%] Built target bluerov_bridge_node
[6.645s] Invoked command in '/home/mazenmadbouly/bluerov-bridge/build/bluerov-bridge' returned '0': CMAKE_PREFIX_PATH=${CMAKE_PREFIX_PATH}:/opt/ros/humble /usr/bin/cmake --build /home/mazenmadbouly/bluerov-bridge/build/bluerov-bridge -- -j12 -l12
[6.654s] Invoking command in '/home/mazenmadbouly/bluerov-bridge/build/bluerov-bridge': CMAKE_PREFIX_PATH=${CMAKE_PREFIX_PATH}:/opt/ros/humble /usr/bin/cmake --install /home/mazenmadbouly/bluerov-bridge/build/bluerov-bridge
[6.660s] -- Install configuration: "Debug"
[6.660s] -- Execute custom install script
[6.661s] -- Up-to-date symlink: /home/mazenmadbouly/bluerov-bridge/install/bluerov-bridge/lib/bluerov-bridge/bluerov_bridge_node
[6.661s] -- Up-to-date symlink: /home/mazenmadbouly/bluerov-bridge/install/bluerov-bridge/include//bluerov-bridge/bluerov_bridge.hpp
[6.661s] -- Up-to-date symlink: /home/mazenmadbouly/bluerov-bridge/install/bluerov-bridge/share/ament_index/resource_index/package_run_dependencies/bluerov-bridge
[6.662s] -- Up-to-date symlink: /home/mazenmadbouly/bluerov-bridge/install/bluerov-bridge/share/ament_index/resource_index/parent_prefix_path/bluerov-bridge
[6.662s] -- Up-to-date symlink: /home/mazenmadbouly/bluerov-bridge/install/bluerov-bridge/share/bluerov-bridge/environment/ament_prefix_path.sh
[6.662s] -- Up-to-date symlink: /home/mazenmadbouly/bluerov-bridge/install/bluerov-bridge/share/bluerov-bridge/environment/ament_prefix_path.dsv
[6.662s] -- Up-to-date symlink: /home/mazenmadbouly/bluerov-bridge/install/bluerov-bridge/share/bluerov-bridge/environment/path.sh
[6.662s] -- Up-to-date symlink: /home/mazenmadbouly/bluerov-bridge/install/bluerov-bridge/share/bluerov-bridge/environment/path.dsv
[6.663s] -- Up-to-date symlink: /home/mazenmadbouly/bluerov-bridge/install/bluerov-bridge/share/bluerov-bridge/local_setup.bash
[6.663s] -- Up-to-date symlink: /home/mazenmadbouly/bluerov-bridge/install/bluerov-bridge/share/bluerov-bridge/local_setup.sh
[6.663s] -- Up-to-date symlink: /home/mazenmadbouly/bluerov-bridge/install/bluerov-bridge/share/bluerov-bridge/local_setup.zsh
[6.663s] -- Up-to-date symlink: /home/mazenmadbouly/bluerov-bridge/install/bluerov-bridge/share/bluerov-bridge/local_setup.dsv
[6.663s] -- Symlinking: /home/mazenmadbouly/bluerov-bridge/install/bluerov-bridge/share/bluerov-bridge/package.dsv
[6.672s] -- Up-to-date symlink: /home/mazenmadbouly/bluerov-bridge/install/bluerov-bridge/share/ament_index/resource_index/packages/bluerov-bridge
[6.672s] -- Up-to-date symlink: /home/mazenmadbouly/bluerov-bridge/install/bluerov-bridge/share/bluerov-bridge/cmake/bluerov-bridgeConfig.cmake
[6.672s] -- Up-to-date symlink: /home/mazenmadbouly/bluerov-bridge/install/bluerov-bridge/share/bluerov-bridge/cmake/bluerov-bridgeConfig-version.cmake
[6.672s] -- Up-to-date symlink: /home/mazenmadbouly/bluerov-bridge/install/bluerov-bridge/share/bluerov-bridge/package.xml
[6.674s] Invoked command in '/home/mazenmadbouly/bluerov-bridge/build/bluerov-bridge' returned '0': CMAKE_PREFIX_PATH=${CMAKE_PREFIX_PATH}:/opt/ros/humble /usr/bin/cmake --install /home/mazenmadbouly/bluerov-bridge/build/bluerov-bridge
