-- Found ament_cmake: 1.3.11 (/opt/ros/humble/share/ament_cmake/cmake)
-- Override CMake install command with custom implementation using symlinks instead of copying resources
-- Found rclcpp: 16.0.11 (/opt/ros/humble/share/rclcpp/cmake)
-- Found rosidl_generator_c: 3.1.6 (/opt/ros/humble/share/rosidl_generator_c/cmake)
-- Found rosidl_adapter: 3.1.6 (/opt/ros/humble/share/rosidl_adapter/cmake)
-- Found rosidl_generator_cpp: 3.1.6 (/opt/ros/humble/share/rosidl_generator_cpp/cmake)
-- Using all available rosidl_typesupport_c: rosidl_typesupport_fastrtps_c;rosidl_typesupport_introspection_c
-- Using all available rosidl_typesupport_cpp: rosidl_typesupport_fastrtps_cpp;rosidl_typesupport_introspection_cpp
-- Found rmw_implementation_cmake: 6.1.2 (/opt/ros/humble/share/rmw_implementation_cmake/cmake)
-- Found rmw_fastrtps_cpp: 6.2.7 (/opt/ros/humble/share/rmw_fastrtps_cpp/cmake)
-- Using RMW implementation 'rmw_fastrtps_cpp' as default
-- Found visualization_msgs: 4.2.4 (/opt/ros/humble/share/visualization_msgs/cmake)
-- Found tf2_ros: 0.25.12 (/opt/ros/humble/share/tf2_ros/cmake)
-- Found auv_core_helper: 0.1.0 (/home/mazenmadbouly/auv_core_ros2/auv_core_helper/install/auv_core_helper/share/auv_core_helper/cmake)
-- Found tf2_geometry_msgs: 0.25.12 (/opt/ros/humble/share/tf2_geometry_msgs/cmake)
-- Found eigen3_cmake_module: 0.1.1 (/opt/ros/humble/share/eigen3_cmake_module/cmake)
-- Ensuring Eigen3 include directory is part of orocos-kdl CMake target
-- Found rclcpp_lifecycle: 16.0.11 (/opt/ros/humble/share/rclcpp_lifecycle/cmake)
-- Found nav_msgs: 4.2.4 (/opt/ros/humble/share/nav_msgs/cmake)
-- Found ament_lint_auto: 0.12.11 (/opt/ros/humble/share/ament_lint_auto/cmake)
-- Added test 'copyright' to check source files copyright and LICENSE
-- Added test 'cppcheck' to perform static code analysis on C / C++ code
-- Configured cppcheck include dirs: /home/mazenmadbouly/bluerov-bridge/include
-- Configured cppcheck exclude dirs and/or files: 
-- Added test 'cpplint' to check C / C++ code against the Google style
-- Configured cpplint exclude dirs and/or files: 
-- Added test 'flake8' to check Python code syntax and style conventions
-- Added test 'lint_cmake' to check CMake code style
-- Added test 'pep257' to check Python code against some of the docstring style conventions in PEP 257
-- Added test 'uncrustify' to check C / C++ code style
-- Configured uncrustify additional arguments: 
-- Added test 'xmllint' to check XML markup files
-- Configuring done
-- Generating done
-- Build files have been written to: /home/mazenmadbouly/bluerov-bridge/build/bluerov-bridge
[ 66%] [32mBuilding CXX object CMakeFiles/bluerov_bridge_node.dir/src/bluerov_bridge_node.cpp.o[0m
[ 66%] [32mBuilding CXX object CMakeFiles/bluerov_bridge_node.dir/src/bluerov-bridge/bluerov_bridge.cpp.o[0m
[100%] [32m[1mLinking CXX executable bluerov_bridge_node[0m
[100%] Built target bluerov_bridge_node
-- Install configuration: "Debug"
-- Execute custom install script
-- Symlinking: /home/mazenmadbouly/bluerov-bridge/install/bluerov-bridge/lib/bluerov-bridge/bluerov_bridge_node
-- Symlinking: /home/mazenmadbouly/bluerov-bridge/install/bluerov-bridge/include//bluerov-bridge/bluerov_bridge.hpp
-- Symlinking: /home/mazenmadbouly/bluerov-bridge/install/bluerov-bridge/share/ament_index/resource_index/package_run_dependencies/bluerov-bridge
-- Symlinking: /home/mazenmadbouly/bluerov-bridge/install/bluerov-bridge/share/ament_index/resource_index/parent_prefix_path/bluerov-bridge
-- Symlinking: /home/mazenmadbouly/bluerov-bridge/install/bluerov-bridge/share/bluerov-bridge/environment/ament_prefix_path.sh
-- Symlinking: /home/mazenmadbouly/bluerov-bridge/install/bluerov-bridge/share/bluerov-bridge/environment/ament_prefix_path.dsv
-- Symlinking: /home/mazenmadbouly/bluerov-bridge/install/bluerov-bridge/share/bluerov-bridge/environment/path.sh
-- Symlinking: /home/mazenmadbouly/bluerov-bridge/install/bluerov-bridge/share/bluerov-bridge/environment/path.dsv
-- Symlinking: /home/mazenmadbouly/bluerov-bridge/install/bluerov-bridge/share/bluerov-bridge/local_setup.bash
-- Symlinking: /home/mazenmadbouly/bluerov-bridge/install/bluerov-bridge/share/bluerov-bridge/local_setup.sh
-- Symlinking: /home/mazenmadbouly/bluerov-bridge/install/bluerov-bridge/share/bluerov-bridge/local_setup.zsh
-- Symlinking: /home/mazenmadbouly/bluerov-bridge/install/bluerov-bridge/share/bluerov-bridge/local_setup.dsv
-- Symlinking: /home/mazenmadbouly/bluerov-bridge/install/bluerov-bridge/share/bluerov-bridge/package.dsv
-- Symlinking: /home/mazenmadbouly/bluerov-bridge/install/bluerov-bridge/share/ament_index/resource_index/packages/bluerov-bridge
-- Symlinking: /home/mazenmadbouly/bluerov-bridge/install/bluerov-bridge/share/bluerov-bridge/cmake/bluerov-bridgeConfig.cmake
-- Symlinking: /home/mazenmadbouly/bluerov-bridge/install/bluerov-bridge/share/bluerov-bridge/cmake/bluerov-bridgeConfig-version.cmake
-- Symlinking: /home/mazenmadbouly/bluerov-bridge/install/bluerov-bridge/share/bluerov-bridge/package.xml
