[0.019s] Invoking command in '/home/mazenmadbouly/bluerov-bridge/build/bluerov-bridge': CMAKE_PREFIX_PATH=${CMAKE_PREFIX_PATH}:/opt/ros/humble /usr/bin/cmake --build /home/mazenmadbouly/bluerov-bridge/build/bluerov-bridge -- -j12 -l12
[0.108s] -- Found ament_cmake: 1.3.11 (/opt/ros/humble/share/ament_cmake/cmake)
[0.262s] -- Override CMake install command with custom implementation using symlinks instead of copying resources
[0.299s] -- Found rclcpp: 16.0.11 (/opt/ros/humble/share/rclcpp/cmake)
[0.547s] -- Found rosidl_generator_c: 3.1.6 (/opt/ros/humble/share/rosidl_generator_c/cmake)
[0.553s] -- Found rosidl_adapter: 3.1.6 (/opt/ros/humble/share/rosidl_adapter/cmake)
[0.568s] -- Found rosidl_generator_cpp: 3.1.6 (/opt/ros/humble/share/rosidl_generator_cpp/cmake)
[0.588s] -- Using all available rosidl_typesupport_c: rosidl_typesupport_fastrtps_c;rosidl_typesupport_introspection_c
[0.613s] -- Using all available rosidl_typesupport_cpp: rosidl_typesupport_fastrtps_cpp;rosidl_typesupport_introspection_cpp
[0.683s] -- Found rmw_implementation_cmake: 6.1.2 (/opt/ros/humble/share/rmw_implementation_cmake/cmake)
[0.687s] -- Found rmw_fastrtps_cpp: 6.2.7 (/opt/ros/humble/share/rmw_fastrtps_cpp/cmake)
[6.614s] -- Using RMW implementation 'rmw_fastrtps_cpp' as default
[6.730s] -- Found visualization_msgs: 4.2.4 (/opt/ros/humble/share/visualization_msgs/cmake)
[6.813s] -- Found tf2_ros: 0.25.12 (/opt/ros/humble/share/tf2_ros/cmake)
[6.977s] -- Found auv_core_helper: 0.1.0 (/home/mazenmadbouly/auv_core_ros2/auv_core_helper/install/auv_core_helper/share/auv_core_helper/cmake)
[7.005s] -- Found tf2_geometry_msgs: 0.25.12 (/opt/ros/humble/share/tf2_geometry_msgs/cmake)
[7.013s] -- Found eigen3_cmake_module: 0.1.1 (/opt/ros/humble/share/eigen3_cmake_module/cmake)
[7.015s] -- Ensuring Eigen3 include directory is part of orocos-kdl CMake target
[7.017s] -- Found rclcpp_lifecycle: 16.0.11 (/opt/ros/humble/share/rclcpp_lifecycle/cmake)
[7.049s] -- Found nav_msgs: 4.2.4 (/opt/ros/humble/share/nav_msgs/cmake)
[7.123s] -- Found ament_lint_auto: 0.12.11 (/opt/ros/humble/share/ament_lint_auto/cmake)
[7.211s] -- Added test 'copyright' to check source files copyright and LICENSE
[7.236s] -- Added test 'cppcheck' to perform static code analysis on C / C++ code
[7.237s] -- Configured cppcheck include dirs: /home/mazenmadbouly/bluerov-bridge/include
[7.237s] -- Configured cppcheck exclude dirs and/or files: 
[7.262s] -- Added test 'cpplint' to check C / C++ code against the Google style
[7.262s] -- Configured cpplint exclude dirs and/or files: 
[7.266s] -- Added test 'flake8' to check Python code syntax and style conventions
[7.273s] -- Added test 'lint_cmake' to check CMake code style
[7.277s] -- Added test 'pep257' to check Python code against some of the docstring style conventions in PEP 257
[7.300s] -- Added test 'uncrustify' to check C / C++ code style
[7.300s] -- Configured uncrustify additional arguments: 
[7.304s] -- Added test 'xmllint' to check XML markup files
[7.307s] -- Configuring done
[7.452s] -- Generating done
[7.464s] -- Build files have been written to: /home/mazenmadbouly/bluerov-bridge/build/bluerov-bridge
[7.510s] [ 66%] [32mBuilding CXX object CMakeFiles/bluerov_bridge_node.dir/src/bluerov_bridge_node.cpp.o[0m
[7.510s] [ 66%] [32mBuilding CXX object CMakeFiles/bluerov_bridge_node.dir/src/bluerov-bridge/bluerov_bridge.cpp.o[0m
[24.658s] [100%] [32m[1mLinking CXX executable bluerov_bridge_node[0m
[27.477s] [100%] Built target bluerov_bridge_node
[27.490s] Invoked command in '/home/mazenmadbouly/bluerov-bridge/build/bluerov-bridge' returned '0': CMAKE_PREFIX_PATH=${CMAKE_PREFIX_PATH}:/opt/ros/humble /usr/bin/cmake --build /home/mazenmadbouly/bluerov-bridge/build/bluerov-bridge -- -j12 -l12
[27.502s] Invoking command in '/home/mazenmadbouly/bluerov-bridge/build/bluerov-bridge': CMAKE_PREFIX_PATH=${CMAKE_PREFIX_PATH}:/opt/ros/humble /usr/bin/cmake --install /home/mazenmadbouly/bluerov-bridge/build/bluerov-bridge
[27.509s] -- Install configuration: "Debug"
[27.510s] -- Execute custom install script
[27.512s] -- Symlinking: /home/mazenmadbouly/bluerov-bridge/install/bluerov-bridge/lib/bluerov-bridge/bluerov_bridge_node
[27.523s] -- Symlinking: /home/mazenmadbouly/bluerov-bridge/install/bluerov-bridge/include//bluerov-bridge/bluerov_bridge.hpp
[27.533s] -- Symlinking: /home/mazenmadbouly/bluerov-bridge/install/bluerov-bridge/share/ament_index/resource_index/package_run_dependencies/bluerov-bridge
[27.543s] -- Symlinking: /home/mazenmadbouly/bluerov-bridge/install/bluerov-bridge/share/ament_index/resource_index/parent_prefix_path/bluerov-bridge
[27.551s] -- Symlinking: /home/mazenmadbouly/bluerov-bridge/install/bluerov-bridge/share/bluerov-bridge/environment/ament_prefix_path.sh
[27.560s] -- Symlinking: /home/mazenmadbouly/bluerov-bridge/install/bluerov-bridge/share/bluerov-bridge/environment/ament_prefix_path.dsv
[27.568s] -- Symlinking: /home/mazenmadbouly/bluerov-bridge/install/bluerov-bridge/share/bluerov-bridge/environment/path.sh
[27.578s] -- Symlinking: /home/mazenmadbouly/bluerov-bridge/install/bluerov-bridge/share/bluerov-bridge/environment/path.dsv
[27.586s] -- Symlinking: /home/mazenmadbouly/bluerov-bridge/install/bluerov-bridge/share/bluerov-bridge/local_setup.bash
[27.595s] -- Symlinking: /home/mazenmadbouly/bluerov-bridge/install/bluerov-bridge/share/bluerov-bridge/local_setup.sh
[27.604s] -- Symlinking: /home/mazenmadbouly/bluerov-bridge/install/bluerov-bridge/share/bluerov-bridge/local_setup.zsh
[27.612s] -- Symlinking: /home/mazenmadbouly/bluerov-bridge/install/bluerov-bridge/share/bluerov-bridge/local_setup.dsv
[27.621s] -- Symlinking: /home/mazenmadbouly/bluerov-bridge/install/bluerov-bridge/share/bluerov-bridge/package.dsv
[27.630s] -- Symlinking: /home/mazenmadbouly/bluerov-bridge/install/bluerov-bridge/share/ament_index/resource_index/packages/bluerov-bridge
[27.640s] -- Symlinking: /home/mazenmadbouly/bluerov-bridge/install/bluerov-bridge/share/bluerov-bridge/cmake/bluerov-bridgeConfig.cmake
[27.649s] -- Symlinking: /home/mazenmadbouly/bluerov-bridge/install/bluerov-bridge/share/bluerov-bridge/cmake/bluerov-bridgeConfig-version.cmake
[27.657s] -- Symlinking: /home/mazenmadbouly/bluerov-bridge/install/bluerov-bridge/share/bluerov-bridge/package.xml
[27.667s] Invoked command in '/home/mazenmadbouly/bluerov-bridge/build/bluerov-bridge' returned '0': CMAKE_PREFIX_PATH=${CMAKE_PREFIX_PATH}:/opt/ros/humble /usr/bin/cmake --install /home/mazenmadbouly/bluerov-bridge/build/bluerov-bridge
