[0.021s] Invoking command in '/home/mazenmadbouly/bluerov-bridge/build/bluerov-bridge': CMAKE_PREFIX_PATH=${CMAKE_PREFIX_PATH}:/opt/ros/humble /usr/bin/cmake /home/mazenmadbouly/bluerov-bridge -DAMENT_CMAKE_SYMLINK_INSTALL=1 -DCMAKE_INSTALL_PREFIX=/home/mazenmadbouly/bluerov-bridge/install/bluerov-bridge
[0.270s] -- The C compiler identification is GNU 11.4.0
[0.919s] -- The CXX compiler identification is GNU 11.4.0
[1.320s] -- Detecting C compiler ABI info
[1.485s] -- Detecting C compiler ABI info - done
[1.492s] -- Check for working C compiler: /usr/lib/ccache/cc - skipped
[1.493s] -- Detecting C compile features
[1.494s] -- Detecting C compile features - done
[1.499s] -- Detecting CXX compiler ABI info
[1.682s] -- Detecting CXX compiler ABI info - done
[1.690s] -- Check for working CXX compiler: /usr/lib/ccache/c++ - skipped
[1.690s] -- Detecting CXX compile features
[1.691s] -- Detecting CXX compile features - done
[1.697s] -- Found ament_cmake: 1.3.11 (/opt/ros/humble/share/ament_cmake/cmake)
[2.041s] -- Found Python3: /usr/bin/python3 (found version "3.10.12") found components: Interpreter 
[2.116s] -- Override CMake install command with custom implementation using symlinks instead of copying resources
[2.164s] -- Found rclcpp: 16.0.11 (/opt/ros/humble/share/rclcpp/cmake)
[2.374s] -- Found rosidl_generator_c: 3.1.6 (/opt/ros/humble/share/rosidl_generator_c/cmake)
[2.383s] -- Found rosidl_adapter: 3.1.6 (/opt/ros/humble/share/rosidl_adapter/cmake)
[2.398s] -- Found rosidl_generator_cpp: 3.1.6 (/opt/ros/humble/share/rosidl_generator_cpp/cmake)
[2.423s] -- Using all available rosidl_typesupport_c: rosidl_typesupport_fastrtps_c;rosidl_typesupport_introspection_c
[2.450s] -- Using all available rosidl_typesupport_cpp: rosidl_typesupport_fastrtps_cpp;rosidl_typesupport_introspection_cpp
[2.529s] -- Found rmw_implementation_cmake: 6.1.2 (/opt/ros/humble/share/rmw_implementation_cmake/cmake)
[2.535s] -- Found rmw_fastrtps_cpp: 6.2.7 (/opt/ros/humble/share/rmw_fastrtps_cpp/cmake)
[3.952s] -- Found OpenSSL: /usr/lib/x86_64-linux-gnu/libcrypto.so (found version "3.0.2")  
[5.456s] -- Found FastRTPS: /opt/ros/humble/include  
[8.321s] -- Using RMW implementation 'rmw_fastrtps_cpp' as default
[8.346s] -- Looking for pthread.h
[8.510s] -- Looking for pthread.h - found
[8.510s] -- Performing Test CMAKE_HAVE_LIBC_PTHREAD
[8.661s] -- Performing Test CMAKE_HAVE_LIBC_PTHREAD - Success
[8.662s] -- Found Threads: TRUE  
[8.747s] -- Found visualization_msgs: 4.2.4 (/opt/ros/humble/share/visualization_msgs/cmake)
[8.833s] -- Found tf2_ros: 0.25.12 (/opt/ros/humble/share/tf2_ros/cmake)
[8.991s] -- Found auv_core_helper: 0.1.0 (/home/mazenmadbouly/auv_core_ros2/auv_core_helper/install/auv_core_helper/share/auv_core_helper/cmake)
[9.016s] -- Found tf2_geometry_msgs: 0.25.12 (/opt/ros/humble/share/tf2_geometry_msgs/cmake)
[9.069s] -- Found eigen3_cmake_module: 0.1.1 (/opt/ros/humble/share/eigen3_cmake_module/cmake)
[9.071s] -- Found Eigen3: TRUE (found version "3.4.0") 
[9.071s] -- Ensuring Eigen3 include directory is part of orocos-kdl CMake target
[9.074s] -- Found rclcpp_lifecycle: 16.0.11 (/opt/ros/humble/share/rclcpp_lifecycle/cmake)
[9.105s] -- Found nav_msgs: 4.2.4 (/opt/ros/humble/share/nav_msgs/cmake)
[9.130s] -- Found PkgConfig: /usr/bin/pkg-config (found version "0.29.2") 
[10.476s] [31mCMake Error at CMakeLists.txt:36 (find_package):
[10.476s]   By not providing "Findmavlink.cmake" in CMAKE_MODULE_PATH this project has
[10.476s]   asked CMake to find a package configuration file provided by "mavlink", but
[10.476s]   CMake did not find one.
[10.476s] 
[10.476s]   Could not find a package configuration file provided by "mavlink" with any
[10.476s]   of the following names:
[10.476s] 
[10.476s]     mavlinkConfig.cmake
[10.476s]     mavlink-config.cmake
[10.477s] 
[10.477s]   Add the installation prefix of "mavlink" to CMAKE_PREFIX_PATH or set
[10.477s]   "mavlink_DIR" to a directory containing one of the above files.  If
[10.477s]   "mavlink" provides a separate development package or SDK, be sure it has
[10.477s]   been installed.
[10.477s] 
[10.477s] [0m
[10.477s] -- Configuring incomplete, errors occurred!
[10.477s] See also "/home/mazenmadbouly/bluerov-bridge/build/bluerov-bridge/CMakeFiles/CMakeOutput.log".
[10.486s] Invoked command in '/home/mazenmadbouly/bluerov-bridge/build/bluerov-bridge' returned '1': CMAKE_PREFIX_PATH=${CMAKE_PREFIX_PATH}:/opt/ros/humble /usr/bin/cmake /home/mazenmadbouly/bluerov-bridge -DAMENT_CMAKE_SYMLINK_INSTALL=1 -DCMAKE_INSTALL_PREFIX=/home/mazenmadbouly/bluerov-bridge/install/bluerov-bridge
